This file contains any messages produced by compilers while
running configure, to aid debugging if configure makes a mistake.

It was created by zookeeper C client configure 3.4.12, which was
generated by GNU Autoconf 2.69.  Invocation command line was

  $ ./configure --prefix=/home/rolis/calvin/ext/zookeeper

## --------- ##
## Platform. ##
## --------- ##

hostname = Warbler-01
uname -m = x86_64
uname -r = 5.15.0-1079-azure
uname -s = Linux
uname -v = #88~20.04.1-Ubuntu SMP Fri Jan 17 18:28:29 UTC 2025

/usr/bin/uname -p = x86_64
/bin/uname -X     = unknown

/bin/arch              = x86_64
/usr/bin/arch -k       = unknown
/usr/convex/getsysinfo = unknown
/usr/bin/hostinfo      = unknown
/bin/machine           = unknown
/usr/bin/oslevel       = unknown
/bin/universe          = unknown

PATH: /usr/local/sbin
PATH: /usr/local/bin
PATH: /usr/sbin
PATH: /usr/bin
PATH: /sbin
PATH: /bin
PATH: /usr/games
PATH: /usr/local/games
PATH: /snap/bin


## ----------- ##
## Core tests. ##
## ----------- ##

configure:2612: checking for doxygen
configure:2645: result: no
configure:2718: checking for perl
configure:2736: found /usr/bin/perl
configure:2748: result: /usr/bin/perl
configure:2890: checking for dot
configure:2923: result: no
configure:4477: checking for a BSD-compatible install
configure:4545: result: /usr/bin/install -c
configure:4556: checking whether build environment is sane
configure:4611: result: yes
configure:4760: checking for a thread-safe mkdir -p
configure:4799: result: /usr/bin/mkdir -p
configure:4806: checking for gawk
configure:4822: found /usr/bin/gawk
configure:4833: result: gawk
configure:4844: checking whether make sets $(MAKE)
configure:4866: result: yes
configure:4895: checking whether make supports nested variables
configure:4912: result: yes
configure:5088: checking for cppunit-config
configure:5119: result: no
configure:5129: checking for Cppunit - version >= 1.10.2
configure:5133: result: no
configure:5201: checking for generated/zookeeper.jute.c
configure:5214: result: yes
configure:5226: checking for generated/zookeeper.jute.h
configure:5239: result: yes
configure:5303: checking for gcc
configure:5319: found /usr/bin/gcc
configure:5330: result: gcc
configure:5559: checking for C compiler version
configure:5568: gcc --version >&5
gcc (Ubuntu 9.4.0-1ubuntu1~20.04.2) 9.4.0
Copyright (C) 2019 Free Software Foundation, Inc.
This is free software; see the source for copying conditions.  There is NO
warranty; not even for MERCHANTABILITY or FITNESS FOR A PARTICULAR PURPOSE.

configure:5579: $? = 0
configure:5568: gcc -v >&5
Using built-in specs.
COLLECT_GCC=gcc
COLLECT_LTO_WRAPPER=/usr/lib/gcc/x86_64-linux-gnu/9/lto-wrapper
OFFLOAD_TARGET_NAMES=nvptx-none:hsa
OFFLOAD_TARGET_DEFAULT=1
Target: x86_64-linux-gnu
Configured with: ../src/configure -v --with-pkgversion='Ubuntu 9.4.0-1ubuntu1~20.04.2' --with-bugurl=file:///usr/share/doc/gcc-9/README.Bugs --enable-languages=c,ada,c++,go,brig,d,fortran,objc,obj-c++,gm2 --prefix=/usr --with-gcc-major-version-only --program-suffix=-9 --program-prefix=x86_64-linux-gnu- --enable-shared --enable-linker-build-id --libexecdir=/usr/lib --without-included-gettext --enable-threads=posix --libdir=/usr/lib --enable-nls --enable-clocale=gnu --enable-libstdcxx-debug --enable-libstdcxx-time=yes --with-default-libstdcxx-abi=new --enable-gnu-unique-object --disable-vtable-verify --enable-plugin --enable-default-pie --with-system-zlib --with-target-system-zlib=auto --enable-objc-gc=auto --enable-multiarch --disable-werror --with-arch-32=i686 --with-abi=m64 --with-multilib-list=m32,m64,mx32 --enable-multilib --with-tune=generic --enable-offload-targets=nvptx-none=/build/gcc-9-9QDOt0/gcc-9-9.4.0/debian/tmp-nvptx/usr,hsa --without-cuda-driver --enable-checking=release --build=x86_64-linux-gnu --host=x86_64-linux-gnu --target=x86_64-linux-gnu
Thread model: posix
gcc version 9.4.0 (Ubuntu 9.4.0-1ubuntu1~20.04.2) 
configure:5579: $? = 0
configure:5568: gcc -V >&5
gcc: error: unrecognized command line option '-V'
gcc: fatal error: no input files
compilation terminated.
configure:5579: $? = 1
configure:5568: gcc -qversion >&5
gcc: error: unrecognized command line option '-qversion'; did you mean '--version'?
gcc: fatal error: no input files
compilation terminated.
configure:5579: $? = 1
configure:5599: checking whether the C compiler works
configure:5621: gcc    conftest.c  >&5
configure:5625: $? = 0
configure:5673: result: yes
configure:5676: checking for C compiler default output file name
configure:5678: result: a.out
configure:5684: checking for suffix of executables
configure:5691: gcc -o conftest    conftest.c  >&5
configure:5695: $? = 0
configure:5717: result: 
configure:5739: checking whether we are cross compiling
configure:5747: gcc -o conftest    conftest.c  >&5
configure:5751: $? = 0
configure:5758: ./conftest
configure:5762: $? = 0
configure:5750: result: no
configure:5755: checking for suffix of object files
configure:5777: gcc -c   conftest.c >&5
configure:5781: $? = 0
configure:5802: result: o
configure:5806: checking whether we are using the GNU C compiler
configure:5825: gcc -c   conftest.c >&5
configure:5825: $? = 0
configure:5834: result: yes
configure:5843: checking whether gcc accepts -g
configure:5863: gcc -c -g  conftest.c >&5
configure:5863: $? = 0
configure:5904: result: yes
configure:5921: checking for gcc option to accept ISO C89
configure:5984: gcc  -c -g -O2  conftest.c >&5
configure:5984: $? = 0
configure:5997: result: none needed
configure:6022: checking whether gcc understands -c and -o together
configure:6044: gcc -c conftest.c -o conftest2.o
configure:6047: $? = 0
configure:6044: gcc -c conftest.c -o conftest2.o
configure:6047: $? = 0
configure:6059: result: yes
configure:6087: checking for style of include used by make
configure:6115: result: GNU
configure:6141: checking dependency style of gcc
configure:6252: result: gcc3
configure:6326: checking for g++
configure:6342: found /usr/bin/g++
configure:6353: result: g++
configure:6380: checking for C++ compiler version
configure:6389: g++ --version >&5
g++ (Ubuntu 9.4.0-1ubuntu1~20.04.2) 9.4.0
Copyright (C) 2019 Free Software Foundation, Inc.
This is free software; see the source for copying conditions.  There is NO
warranty; not even for MERCHANTABILITY or FITNESS FOR A PARTICULAR PURPOSE.

configure:6400: $? = 0
configure:6389: g++ -v >&5
Using built-in specs.
COLLECT_GCC=g++
COLLECT_LTO_WRAPPER=/usr/lib/gcc/x86_64-linux-gnu/9/lto-wrapper
OFFLOAD_TARGET_NAMES=nvptx-none:hsa
OFFLOAD_TARGET_DEFAULT=1
Target: x86_64-linux-gnu
Configured with: ../src/configure -v --with-pkgversion='Ubuntu 9.4.0-1ubuntu1~20.04.2' --with-bugurl=file:///usr/share/doc/gcc-9/README.Bugs --enable-languages=c,ada,c++,go,brig,d,fortran,objc,obj-c++,gm2 --prefix=/usr --with-gcc-major-version-only --program-suffix=-9 --program-prefix=x86_64-linux-gnu- --enable-shared --enable-linker-build-id --libexecdir=/usr/lib --without-included-gettext --enable-threads=posix --libdir=/usr/lib --enable-nls --enable-clocale=gnu --enable-libstdcxx-debug --enable-libstdcxx-time=yes --with-default-libstdcxx-abi=new --enable-gnu-unique-object --disable-vtable-verify --enable-plugin --enable-default-pie --with-system-zlib --with-target-system-zlib=auto --enable-objc-gc=auto --enable-multiarch --disable-werror --with-arch-32=i686 --with-abi=m64 --with-multilib-list=m32,m64,mx32 --enable-multilib --with-tune=generic --enable-offload-targets=nvptx-none=/build/gcc-9-9QDOt0/gcc-9-9.4.0/debian/tmp-nvptx/usr,hsa --without-cuda-driver --enable-checking=release --build=x86_64-linux-gnu --host=x86_64-linux-gnu --target=x86_64-linux-gnu
Thread model: posix
gcc version 9.4.0 (Ubuntu 9.4.0-1ubuntu1~20.04.2) 
configure:6400: $? = 0
configure:6389: g++ -V >&5
g++: error: unrecognized command line option '-V'
g++: fatal error: no input files
compilation terminated.
configure:6400: $? = 1
configure:6389: g++ -qversion >&5
g++: error: unrecognized command line option '-qversion'; did you mean '--version'?
g++: fatal error: no input files
compilation terminated.
configure:6400: $? = 1
configure:6404: checking whether we are using the GNU C++ compiler
configure:6423: g++ -c   conftest.cpp >&5
configure:6423: $? = 0
configure:6432: result: yes
configure:6441: checking whether g++ accepts -g
configure:6461: g++ -c -g  conftest.cpp >&5
configure:6461: $? = 0
configure:6502: result: yes
configure:6527: checking dependency style of g++
configure:6638: result: gcc3
configure:6654: checking whether ln -s works
configure:6658: result: yes
configure:6696: checking build system type
configure:6710: result: x86_64-pc-linux-gnu
configure:6730: checking host system type
configure:6743: result: x86_64-pc-linux-gnu
configure:6784: checking how to print strings
configure:6811: result: printf
configure:6832: checking for a sed that does not truncate output
configure:6896: result: /usr/bin/sed
configure:6914: checking for grep that handles long lines and -e
configure:6972: result: /usr/bin/grep
configure:6977: checking for egrep
configure:7039: result: /usr/bin/grep -E
configure:7044: checking for fgrep
configure:7106: result: /usr/bin/grep -F
configure:7141: checking for ld used by gcc
configure:7208: result: /usr/bin/ld
configure:7215: checking if the linker (/usr/bin/ld) is GNU ld
configure:7230: result: yes
configure:7242: checking for BSD- or MS-compatible name lister (nm)
configure:7296: result: /usr/bin/nm -B
configure:7426: checking the name lister (/usr/bin/nm -B) interface
configure:7433: gcc -c -g -O2  conftest.c >&5
configure:7436: /usr/bin/nm -B "conftest.o"
configure:7439: output
0000000000000000 B some_variable
configure:7440: result: BSD nm
configure:7444: checking the maximum length of command line arguments
configure:7575: result: 1572864
configure:7623: checking how to convert x86_64-pc-linux-gnu file names to x86_64-pc-linux-gnu format
configure:7663: result: func_convert_file_noop
configure:7670: checking how to convert x86_64-pc-linux-gnu file names to toolchain format
configure:7690: result: func_convert_file_noop
configure:7697: checking for /usr/bin/ld option to reload object files
configure:7704: result: -r
configure:7778: checking for objdump
configure:7794: found /usr/bin/objdump
configure:7805: result: objdump
configure:7837: checking how to recognize dependent libraries
configure:8037: result: pass_all
configure:8122: checking for dlltool
configure:8152: result: no
configure:8182: checking how to associate runtime and link libraries
configure:8209: result: printf %s\n
configure:8270: checking for ar
configure:8286: found /usr/bin/ar
configure:8297: result: ar
configure:8334: checking for archiver @FILE support
configure:8351: gcc -c -g -O2  conftest.c >&5
configure:8351: $? = 0
configure:8354: ar cru libconftest.a @conftest.lst >&5
ar: `u' modifier ignored since `D' is the default (see `U')
configure:8357: $? = 0
configure:8362: ar cru libconftest.a @conftest.lst >&5
ar: `u' modifier ignored since `D' is the default (see `U')
ar: conftest.o: No such file or directory
configure:8365: $? = 1
configure:8364: result: @
configure:8422: checking for strip
configure:8438: found /usr/bin/strip
configure:8449: result: strip
configure:8521: checking for ranlib
configure:8537: found /usr/bin/ranlib
configure:8548: result: ranlib
configure:8650: checking command to parse /usr/bin/nm -B output from gcc object
configure:8803: gcc -c -g -O2  conftest.c >&5
configure:8806: $? = 0
configure:8810: /usr/bin/nm -B conftest.o \| sed -n -e 's/^.*[ ]\([ABCDGIRSTW][ABCDGIRSTW]*\)[ ][ ]*\([_A-Za-z][_A-Za-z0-9]*\)$/\1 \2 \2/p' | sed '/ __gnu_lto/d' \> conftest.nm
configure:8813: $? = 0
configure:8879: gcc -o conftest -g -O2   conftest.c conftstm.o >&5
configure:8882: $? = 0
configure:8920: result: ok
configure:8967: checking for sysroot
configure:8997: result: no
configure:9004: checking for a working dd
configure:9042: result: /usr/bin/dd
configure:9046: checking how to truncate binary pipes
configure:9061: result: /usr/bin/dd bs=4096 count=1
configure:9197: gcc -c -g -O2  conftest.c >&5
configure:9200: $? = 0
configure:9390: checking for mt
configure:9406: found /usr/bin/mt
configure:9417: result: mt
configure:9440: checking if mt is a manifest tool
configure:9446: mt '-?'
configure:9454: result: no
configure:10131: checking how to run the C preprocessor
configure:10162: gcc -E  conftest.c
configure:10162: $? = 0
configure:10176: gcc -E  conftest.c
conftest.c:13:10: fatal error: ac_nonexistent.h: No such file or directory
   13 | #include <ac_nonexistent.h>
      |          ^~~~~~~~~~~~~~~~~~
compilation terminated.
configure:10176: $? = 1
configure: failed program was:
| /* confdefs.h */
| #define PACKAGE_NAME "zookeeper C client"
| #define PACKAGE_TARNAME "zookeeper"
| #define PACKAGE_VERSION "3.4.12"
| #define PACKAGE_STRING "zookeeper C client 3.4.12"
| #define PACKAGE_BUGREPORT "user@zookeeper.apache.org"
| #define PACKAGE_URL ""
| #define PACKAGE "zookeeper"
| #define VERSION "3.4.12"
| #define HAVE_GENERATED_ZOOKEEPER_JUTE_C 1
| #define HAVE_GENERATED_ZOOKEEPER_JUTE_H 1
| /* end confdefs.h.  */
| #include <ac_nonexistent.h>
configure:10201: result: gcc -E
configure:10221: gcc -E  conftest.c
configure:10221: $? = 0
configure:10235: gcc -E  conftest.c
conftest.c:13:10: fatal error: ac_nonexistent.h: No such file or directory
   13 | #include <ac_nonexistent.h>
      |          ^~~~~~~~~~~~~~~~~~
compilation terminated.
configure:10235: $? = 1
configure: failed program was:
| /* confdefs.h */
| #define PACKAGE_NAME "zookeeper C client"
| #define PACKAGE_TARNAME "zookeeper"
| #define PACKAGE_VERSION "3.4.12"
| #define PACKAGE_STRING "zookeeper C client 3.4.12"
| #define PACKAGE_BUGREPORT "user@zookeeper.apache.org"
| #define PACKAGE_URL ""
| #define PACKAGE "zookeeper"
| #define VERSION "3.4.12"
| #define HAVE_GENERATED_ZOOKEEPER_JUTE_C 1
| #define HAVE_GENERATED_ZOOKEEPER_JUTE_H 1
| /* end confdefs.h.  */
| #include <ac_nonexistent.h>
configure:10264: checking for ANSI C header files
configure:10284: gcc -c -g -O2  conftest.c >&5
configure:10284: $? = 0
configure:10357: gcc -o conftest -g -O2   conftest.c  >&5
configure:10357: $? = 0
configure:10357: ./conftest
configure:10357: $? = 0
configure:10368: result: yes
configure:10381: checking for sys/types.h
configure:10381: gcc -c -g -O2  conftest.c >&5
configure:10381: $? = 0
configure:10381: result: yes
configure:10381: checking for sys/stat.h
configure:10381: gcc -c -g -O2  conftest.c >&5
configure:10381: $? = 0
configure:10381: result: yes
configure:10381: checking for stdlib.h
configure:10381: gcc -c -g -O2  conftest.c >&5
configure:10381: $? = 0
configure:10381: result: yes
configure:10381: checking for string.h
configure:10381: gcc -c -g -O2  conftest.c >&5
configure:10381: $? = 0
configure:10381: result: yes
configure:10381: checking for memory.h
configure:10381: gcc -c -g -O2  conftest.c >&5
configure:10381: $? = 0
configure:10381: result: yes
configure:10381: checking for strings.h
configure:10381: gcc -c -g -O2  conftest.c >&5
configure:10381: $? = 0
configure:10381: result: yes
configure:10381: checking for inttypes.h
configure:10381: gcc -c -g -O2  conftest.c >&5
configure:10381: $? = 0
configure:10381: result: yes
configure:10381: checking for stdint.h
configure:10381: gcc -c -g -O2  conftest.c >&5
configure:10381: $? = 0
configure:10381: result: yes
configure:10381: checking for unistd.h
configure:10381: gcc -c -g -O2  conftest.c >&5
configure:10381: $? = 0
configure:10381: result: yes
configure:10395: checking for dlfcn.h
configure:10395: gcc -c -g -O2  conftest.c >&5
configure:10395: $? = 0
configure:10395: result: yes
configure:10662: checking for objdir
configure:10677: result: .libs
configure:10937: checking if gcc supports -fno-rtti -fno-exceptions
configure:10955: gcc -c -g -O2  -fno-rtti -fno-exceptions conftest.c >&5
cc1: warning: command line option '-fno-rtti' is valid for C++/D/ObjC++ but not for C
configure:10959: $? = 0
configure:10972: result: no
configure:11330: checking for gcc option to produce PIC
configure:11337: result: -fPIC -DPIC
configure:11345: checking if gcc PIC flag -fPIC -DPIC works
configure:11363: gcc -c -g -O2  -fPIC -DPIC -DPIC conftest.c >&5
configure:11367: $? = 0
configure:11380: result: yes
configure:11409: checking if gcc static flag -static works
configure:11437: result: yes
configure:11452: checking if gcc supports -c -o file.o
configure:11473: gcc -c -g -O2  -o out/conftest2.o conftest.c >&5
configure:11477: $? = 0
configure:11499: result: yes
configure:11507: checking if gcc supports -c -o file.o
configure:11554: result: yes
configure:11587: checking whether the gcc linker (/usr/bin/ld -m elf_x86_64) supports shared libraries
configure:12850: result: yes
configure:12887: checking whether -lc should be explicitly linked in
configure:12895: gcc -c -g -O2  conftest.c >&5
configure:12898: $? = 0
configure:12913: gcc -shared  -fPIC -DPIC conftest.o  -v -Wl,-soname -Wl,conftest -o conftest 2\>\&1 \| /usr/bin/grep  -lc  \>/dev/null 2\>\&1
configure:12916: $? = 0
configure:12930: result: no
configure:13090: checking dynamic linker characteristics
configure:13671: gcc -o conftest -g -O2   -Wl,-rpath -Wl,/foo conftest.c  >&5
configure:13671: $? = 0
configure:13920: result: GNU/Linux ld.so
configure:14042: checking how to hardcode library paths into programs
configure:14067: result: immediate
configure:14615: checking whether stripping libraries is possible
configure:14620: result: yes
configure:14655: checking if libtool supports shared libraries
configure:14657: result: yes
configure:14660: checking whether to build shared libraries
configure:14685: result: yes
configure:14688: checking whether to build static libraries
configure:14692: result: yes
configure:11491: checking how to run the C++ preprocessor
configure:11518: g++ -E  conftest.cpp
configure:11518: $? = 0
configure:11532: g++ -E  conftest.cpp
conftest.cpp:25:10: fatal error: ac_nonexistent.h: No such file or directory
   25 | #include <ac_nonexistent.h>
      |          ^~~~~~~~~~~~~~~~~~
compilation terminated.
configure:11532: $? = 1
configure: failed program was:
| /* confdefs.h */
| #define PACKAGE_NAME "zookeeper C client"
| #define PACKAGE_TARNAME "zookeeper"
| #define PACKAGE_VERSION "3.4.12"
| #define PACKAGE_STRING "zookeeper C client 3.4.12"
| #define PACKAGE_BUGREPORT "user@zookeeper.apache.org"
| #define PACKAGE_URL ""
| #define PACKAGE "zookeeper"
| #define VERSION "3.4.12"
| #define HAVE_GENERATED_ZOOKEEPER_JUTE_C 1
| #define HAVE_GENERATED_ZOOKEEPER_JUTE_H 1
| #define STDC_HEADERS 1
| #define HAVE_SYS_TYPES_H 1
| #define HAVE_SYS_STAT_H 1
| #define HAVE_STDLIB_H 1
| #define HAVE_STRING_H 1
| #define HAVE_MEMORY_H 1
| #define HAVE_STRINGS_H 1
| #define HAVE_INTTYPES_H 1
| #define HAVE_STDINT_H 1
| #define HAVE_UNISTD_H 1
| #define HAVE_DLFCN_H 1
| #define LT_OBJDIR ".libs/"
| /* end confdefs.h.  */
| #include <ac_nonexistent.h>
configure:11557: result: g++ -E
configure:11577: g++ -E  conftest.cpp
configure:11577: $? = 0
configure:11591: g++ -E  conftest.cpp
conftest.cpp:25:10: fatal error: ac_nonexistent.h: No such file or directory
   25 | #include <ac_nonexistent.h>
      |          ^~~~~~~~~~~~~~~~~~
compilation terminated.
configure:11591: $? = 1
configure: failed program was:
| /* confdefs.h */
| #define PACKAGE_NAME "zookeeper C client"
| #define PACKAGE_TARNAME "zookeeper"
| #define PACKAGE_VERSION "3.4.12"
| #define PACKAGE_STRING "zookeeper C client 3.4.12"
| #define PACKAGE_BUGREPORT "user@zookeeper.apache.org"
| #define PACKAGE_URL ""
| #define PACKAGE "zookeeper"
| #define VERSION "3.4.12"
| #define HAVE_GENERATED_ZOOKEEPER_JUTE_C 1
| #define HAVE_GENERATED_ZOOKEEPER_JUTE_H 1
| #define STDC_HEADERS 1
| #define HAVE_SYS_TYPES_H 1
| #define HAVE_SYS_STAT_H 1
| #define HAVE_STDLIB_H 1
| #define HAVE_STRING_H 1
| #define HAVE_MEMORY_H 1
| #define HAVE_STRINGS_H 1
| #define HAVE_INTTYPES_H 1
| #define HAVE_STDINT_H 1
| #define HAVE_UNISTD_H 1
| #define HAVE_DLFCN_H 1
| #define LT_OBJDIR ".libs/"
| /* end confdefs.h.  */
| #include <ac_nonexistent.h>
configure:11753: checking for ld used by g++
configure:11820: result: /usr/bin/ld -m elf_x86_64
configure:11827: checking if the linker (/usr/bin/ld -m elf_x86_64) is GNU ld
configure:11842: result: yes
configure:11897: checking whether the g++ linker (/usr/bin/ld -m elf_x86_64) supports shared libraries
configure:12970: result: yes
configure:13006: g++ -c -g -O2  conftest.cpp >&5
configure:13009: $? = 0
configure:13490: checking for g++ option to produce PIC
configure:13497: result: -fPIC -DPIC
configure:13505: checking if g++ PIC flag -fPIC -DPIC works
configure:13523: g++ -c -g -O2  -fPIC -DPIC -DPIC conftest.cpp >&5
configure:13527: $? = 0
configure:13540: result: yes
configure:13563: checking if g++ static flag -static works
configure:13591: result: yes
configure:13603: checking if g++ supports -c -o file.o
configure:13624: g++ -c -g -O2  -o out/conftest2.o conftest.cpp >&5
configure:13628: $? = 0
configure:13650: result: yes
configure:13655: checking if g++ supports -c -o file.o
configure:13702: result: yes
configure:13732: checking whether the g++ linker (/usr/bin/ld -m elf_x86_64) supports shared libraries
configure:13775: result: yes
configure:13916: checking dynamic linker characteristics
configure:14673: result: GNU/Linux ld.so
configure:14738: checking how to hardcode library paths into programs
configure:14763: result: immediate
configure:13700: checking for pthread_mutex_lock in -lpthread
configure:13725: gcc -o conftest -g -O2 -D_GNU_SOURCE   conftest.c -lpthread   >&5
configure:13725: $? = 0
configure:13734: result: yes
configure:13749: building with SyncAPI support
configure:13766: checking for ANSI C header files
configure:13870: result: yes
configure:13881: checking arpa/inet.h usability
configure:13881: gcc -c -g -O2 -D_GNU_SOURCE  conftest.c >&5
configure:13881: $? = 0
configure:13881: result: yes
configure:13881: checking arpa/inet.h presence
configure:13881: gcc -E  conftest.c
configure:13881: $? = 0
configure:13881: result: yes
configure:13881: checking for arpa/inet.h
configure:13881: result: yes
configure:13881: checking fcntl.h usability
configure:13881: gcc -c -g -O2 -D_GNU_SOURCE  conftest.c >&5
configure:13881: $? = 0
configure:13881: result: yes
configure:13881: checking fcntl.h presence
configure:13881: gcc -E  conftest.c
configure:13881: $? = 0
configure:13881: result: yes
configure:13881: checking for fcntl.h
configure:13881: result: yes
configure:13881: checking netdb.h usability
configure:13881: gcc -c -g -O2 -D_GNU_SOURCE  conftest.c >&5
configure:13881: $? = 0
configure:13881: result: yes
configure:13881: checking netdb.h presence
configure:13881: gcc -E  conftest.c
configure:13881: $? = 0
configure:13881: result: yes
configure:13881: checking for netdb.h
configure:13881: result: yes
configure:13881: checking netinet/in.h usability
configure:13881: gcc -c -g -O2 -D_GNU_SOURCE  conftest.c >&5
configure:13881: $? = 0
configure:13881: result: yes
configure:13881: checking netinet/in.h presence
configure:13881: gcc -E  conftest.c
configure:13881: $? = 0
configure:13881: result: yes
configure:13881: checking for netinet/in.h
configure:13881: result: yes
configure:13881: checking for stdlib.h
configure:13881: result: yes
configure:13881: checking for string.h
configure:13881: result: yes
configure:13881: checking sys/socket.h usability
configure:13881: gcc -c -g -O2 -D_GNU_SOURCE  conftest.c >&5
configure:13881: $? = 0
configure:13881: result: yes
configure:13881: checking sys/socket.h presence
configure:13881: gcc -E  conftest.c
configure:13881: $? = 0
configure:13881: result: yes
configure:13881: checking for sys/socket.h
configure:13881: result: yes
configure:13881: checking sys/time.h usability
configure:13881: gcc -c -g -O2 -D_GNU_SOURCE  conftest.c >&5
configure:13881: $? = 0
configure:13881: result: yes
configure:13881: checking sys/time.h presence
configure:13881: gcc -E  conftest.c
configure:13881: $? = 0
configure:13881: result: yes
configure:13881: checking for sys/time.h
configure:13881: result: yes
configure:13881: checking for unistd.h
configure:13881: result: yes
configure:13881: checking sys/utsname.h usability
configure:13881: gcc -c -g -O2 -D_GNU_SOURCE  conftest.c >&5
configure:13881: $? = 0
configure:13881: result: yes
configure:13881: checking sys/utsname.h presence
configure:13881: gcc -E  conftest.c
configure:13881: $? = 0
configure:13881: result: yes
configure:13881: checking for sys/utsname.h
configure:13881: result: yes
configure:13893: checking for an ANSI C-conforming const
configure:13959: gcc -c -g -O2 -D_GNU_SOURCE  conftest.c >&5
configure:13959: $? = 0
configure:13966: result: yes
configure:13974: checking for inline
configure:13990: gcc -c -g -O2 -D_GNU_SOURCE  conftest.c >&5
configure:13990: $? = 0
configure:13998: result: inline
configure:14016: checking whether time.h and sys/time.h may both be included
configure:14036: gcc -c -g -O2 -D_GNU_SOURCE  conftest.c >&5
configure:14036: $? = 0
configure:14043: result: yes
configure:14051: checking for nfds_t
configure:14051: gcc -c -g -O2 -D_GNU_SOURCE  conftest.c >&5
configure:14051: $? = 0
configure:14051: gcc -c -g -O2 -D_GNU_SOURCE  conftest.c >&5
conftest.c: In function 'main':
conftest.c:42:21: error: expected expression before ')' token
   42 | if (sizeof ((nfds_t)))
      |                     ^
configure:14051: $? = 1
configure: failed program was:
| /* confdefs.h */
| #define PACKAGE_NAME "zookeeper C client"
| #define PACKAGE_TARNAME "zookeeper"
| #define PACKAGE_VERSION "3.4.12"
| #define PACKAGE_STRING "zookeeper C client 3.4.12"
| #define PACKAGE_BUGREPORT "user@zookeeper.apache.org"
| #define PACKAGE_URL ""
| #define PACKAGE "zookeeper"
| #define VERSION "3.4.12"
| #define HAVE_GENERATED_ZOOKEEPER_JUTE_C 1
| #define HAVE_GENERATED_ZOOKEEPER_JUTE_H 1
| #define STDC_HEADERS 1
| #define HAVE_SYS_TYPES_H 1
| #define HAVE_SYS_STAT_H 1
| #define HAVE_STDLIB_H 1
| #define HAVE_STRING_H 1
| #define HAVE_MEMORY_H 1
| #define HAVE_STRINGS_H 1
| #define HAVE_INTTYPES_H 1
| #define HAVE_STDINT_H 1
| #define HAVE_UNISTD_H 1
| #define HAVE_DLFCN_H 1
| #define LT_OBJDIR ".libs/"
| #define STDC_HEADERS 1
| #define HAVE_ARPA_INET_H 1
| #define HAVE_FCNTL_H 1
| #define HAVE_NETDB_H 1
| #define HAVE_NETINET_IN_H 1
| #define HAVE_STDLIB_H 1
| #define HAVE_STRING_H 1
| #define HAVE_SYS_SOCKET_H 1
| #define HAVE_SYS_TIME_H 1
| #define HAVE_UNISTD_H 1
| #define HAVE_SYS_UTSNAME_H 1
| #define TIME_WITH_SYS_TIME 1
| /* end confdefs.h.  */
| #include <poll.h>
| 
| int
| main ()
| {
| if (sizeof ((nfds_t)))
| 	    return 0;
|   ;
|   return 0;
| }
configure:14051: result: yes
configure:14064: checking whether to enable ipv6
configure:14086: gcc -o conftest -g -O2 -D_GNU_SOURCE   conftest.c  >&5
conftest.c:41:1: warning: return type defaults to 'int' [-Wimplicit-int]
   41 | main()
      | ^~~~
conftest.c: In function 'main':
conftest.c:44:4: warning: implicit declaration of function 'exit' [-Wimplicit-function-declaration]
   44 |    exit(1);
      |    ^~~~
conftest.c:44:4: warning: incompatible implicit declaration of built-in function 'exit'
conftest.c:41:1: note: include '<stdlib.h>' or provide a declaration of 'exit'
   40 | #include <sys/socket.h>
  +++ |+#include <stdlib.h>
   41 | main()
conftest.c:46:4: warning: incompatible implicit declaration of built-in function 'exit'
   46 |    exit(0);
      |    ^~~~
conftest.c:46:4: note: include '<stdlib.h>' or provide a declaration of 'exit'
configure:14086: $? = 0
configure:14086: ./conftest
configure:14086: $? = 0
configure:14087: result: yes
configure:14109: checking for getcwd
configure:14109: gcc -o conftest -g -O2 -D_GNU_SOURCE   conftest.c  >&5
configure:14109: $? = 0
configure:14109: result: yes
configure:14109: checking for gethostbyname
configure:14109: gcc -o conftest -g -O2 -D_GNU_SOURCE   conftest.c  >&5
configure:14109: $? = 0
configure:14109: result: yes
configure:14109: checking for gethostname
configure:14109: gcc -o conftest -g -O2 -D_GNU_SOURCE   conftest.c  >&5
configure:14109: $? = 0
configure:14109: result: yes
configure:14109: checking for getlogin
configure:14109: gcc -o conftest -g -O2 -D_GNU_SOURCE   conftest.c  >&5
configure:14109: $? = 0
configure:14109: result: yes
configure:14109: checking for getpwuid_r
configure:14109: gcc -o conftest -g -O2 -D_GNU_SOURCE   conftest.c  >&5
configure:14109: $? = 0
configure:14109: result: yes
configure:14109: checking for gettimeofday
configure:14109: gcc -o conftest -g -O2 -D_GNU_SOURCE   conftest.c  >&5
configure:14109: $? = 0
configure:14109: result: yes
configure:14109: checking for getuid
configure:14109: gcc -o conftest -g -O2 -D_GNU_SOURCE   conftest.c  >&5
configure:14109: $? = 0
configure:14109: result: yes
configure:14109: checking for memmove
configure:14109: gcc -o conftest -g -O2 -D_GNU_SOURCE   conftest.c  >&5
conftest.c:68:6: warning: conflicting types for built-in function 'memmove'; expected 'void *(void *, const void *, long unsigned int)' [-Wbuiltin-declaration-mismatch]
   68 | char memmove ();
      |      ^~~~~~~
conftest.c:56:1: note: 'memmove' is declared in header '<string.h>'
   55 | # include <limits.h>
   56 | #else
configure:14109: $? = 0
configure:14109: result: yes
configure:14109: checking for memset
configure:14109: gcc -o conftest -g -O2 -D_GNU_SOURCE   conftest.c  >&5
conftest.c:69:6: warning: conflicting types for built-in function 'memset'; expected 'void *(void *, int,  long unsigned int)' [-Wbuiltin-declaration-mismatch]
   69 | char memset ();
      |      ^~~~~~
conftest.c:57:1: note: 'memset' is declared in header '<string.h>'
   56 | # include <limits.h>
   57 | #else
configure:14109: $? = 0
configure:14109: result: yes
configure:14109: checking for poll
configure:14109: gcc -o conftest -g -O2 -D_GNU_SOURCE   conftest.c  >&5
configure:14109: $? = 0
configure:14109: result: yes
configure:14109: checking for socket
configure:14109: gcc -o conftest -g -O2 -D_GNU_SOURCE   conftest.c  >&5
configure:14109: $? = 0
configure:14109: result: yes
configure:14109: checking for strchr
configure:14109: gcc -o conftest -g -O2 -D_GNU_SOURCE   conftest.c  >&5
conftest.c:72:6: warning: conflicting types for built-in function 'strchr'; expected 'char *(const char *, int)' [-Wbuiltin-declaration-mismatch]
   72 | char strchr ();
      |      ^~~~~~
conftest.c:60:1: note: 'strchr' is declared in header '<string.h>'
   59 | # include <limits.h>
   60 | #else
configure:14109: $? = 0
configure:14109: result: yes
configure:14109: checking for strdup
configure:14109: gcc -o conftest -g -O2 -D_GNU_SOURCE   conftest.c  >&5
conftest.c:73:6: warning: conflicting types for built-in function 'strdup'; expected 'char *(const char *)' [-Wbuiltin-declaration-mismatch]
   73 | char strdup ();
      |      ^~~~~~
configure:14109: $? = 0
configure:14109: result: yes
configure:14109: checking for strerror
configure:14109: gcc -o conftest -g -O2 -D_GNU_SOURCE   conftest.c  >&5
configure:14109: $? = 0
configure:14109: result: yes
configure:14109: checking for strtol
configure:14109: gcc -o conftest -g -O2 -D_GNU_SOURCE   conftest.c  >&5
configure:14109: $? = 0
configure:14109: result: yes
configure:14327: checking that generated files are newer than configure
configure:14333: result: done
configure:14368: creating ./config.status

## ---------------------- ##
## Running config.status. ##
## ---------------------- ##

This file was extended by zookeeper C client config.status 3.4.12, which was
generated by GNU Autoconf 2.69.  Invocation command line was

  CONFIG_FILES    = 
  CONFIG_HEADERS  = 
  CONFIG_LINKS    = 
  CONFIG_COMMANDS = 
  $ ./config.status 

on Warbler-01

config.status:1228: creating Makefile
config.status:1228: creating config.h
config.status:1409: config.h is unchanged
config.status:1457: executing depfiles commands
config.status:1457: executing libtool commands

## ---------------- ##
## Cache variables. ##
## ---------------- ##

ac_cv_build=x86_64-pc-linux-gnu
ac_cv_c_compiler_gnu=yes
ac_cv_c_const=yes
ac_cv_c_inline=inline
ac_cv_cxx_compiler_gnu=yes
ac_cv_env_CCC_set=
ac_cv_env_CCC_value=
ac_cv_env_CC_set=
ac_cv_env_CC_value=
ac_cv_env_CFLAGS_set=
ac_cv_env_CFLAGS_value=
ac_cv_env_CPPFLAGS_set=
ac_cv_env_CPPFLAGS_value=
ac_cv_env_CPP_set=
ac_cv_env_CPP_value=
ac_cv_env_CXXCPP_set=
ac_cv_env_CXXCPP_value=
ac_cv_env_CXXFLAGS_set=
ac_cv_env_CXXFLAGS_value=
ac_cv_env_CXX_set=
ac_cv_env_CXX_value=
ac_cv_env_DOXYGEN_PAPER_SIZE_set=
ac_cv_env_DOXYGEN_PAPER_SIZE_value=
ac_cv_env_LDFLAGS_set=
ac_cv_env_LDFLAGS_value=
ac_cv_env_LIBS_set=
ac_cv_env_LIBS_value=
ac_cv_env_LT_SYS_LIBRARY_PATH_set=
ac_cv_env_LT_SYS_LIBRARY_PATH_value=
ac_cv_env_build_alias_set=
ac_cv_env_build_alias_value=
ac_cv_env_host_alias_set=
ac_cv_env_host_alias_value=
ac_cv_env_target_alias_set=
ac_cv_env_target_alias_value=
ac_cv_file_generated_zookeeper_jute_c=yes
ac_cv_file_generated_zookeeper_jute_h=yes
ac_cv_func_getcwd=yes
ac_cv_func_gethostbyname=yes
ac_cv_func_gethostname=yes
ac_cv_func_getlogin=yes
ac_cv_func_getpwuid_r=yes
ac_cv_func_gettimeofday=yes
ac_cv_func_getuid=yes
ac_cv_func_memmove=yes
ac_cv_func_memset=yes
ac_cv_func_poll=yes
ac_cv_func_socket=yes
ac_cv_func_strchr=yes
ac_cv_func_strdup=yes
ac_cv_func_strerror=yes
ac_cv_func_strtol=yes
ac_cv_header_arpa_inet_h=yes
ac_cv_header_dlfcn_h=yes
ac_cv_header_fcntl_h=yes
ac_cv_header_inttypes_h=yes
ac_cv_header_memory_h=yes
ac_cv_header_netdb_h=yes
ac_cv_header_netinet_in_h=yes
ac_cv_header_stdc=yes
ac_cv_header_stdint_h=yes
ac_cv_header_stdlib_h=yes
ac_cv_header_string_h=yes
ac_cv_header_strings_h=yes
ac_cv_header_sys_socket_h=yes
ac_cv_header_sys_stat_h=yes
ac_cv_header_sys_time_h=yes
ac_cv_header_sys_types_h=yes
ac_cv_header_sys_utsname_h=yes
ac_cv_header_time=yes
ac_cv_header_unistd_h=yes
ac_cv_host=x86_64-pc-linux-gnu
ac_cv_lib_pthread_pthread_mutex_lock=yes
ac_cv_objext=o
ac_cv_path_CPPUNIT_CONFIG=no
ac_cv_path_EGREP='/usr/bin/grep -E'
ac_cv_path_FGREP='/usr/bin/grep -F'
ac_cv_path_GREP=/usr/bin/grep
ac_cv_path_SED=/usr/bin/sed
ac_cv_path_ac_pt_DX_PERL=/usr/bin/perl
ac_cv_path_install='/usr/bin/install -c'
ac_cv_path_lt_DD=/usr/bin/dd
ac_cv_path_mkdir=/usr/bin/mkdir
ac_cv_prog_AWK=gawk
ac_cv_prog_CPP='gcc -E'
ac_cv_prog_CXXCPP='g++ -E'
ac_cv_prog_ac_ct_AR=ar
ac_cv_prog_ac_ct_CC=gcc
ac_cv_prog_ac_ct_CXX=g++
ac_cv_prog_ac_ct_MANIFEST_TOOL=mt
ac_cv_prog_ac_ct_OBJDUMP=objdump
ac_cv_prog_ac_ct_RANLIB=ranlib
ac_cv_prog_ac_ct_STRIP=strip
ac_cv_prog_cc_c89=
ac_cv_prog_cc_g=yes
ac_cv_prog_cxx_g=yes
ac_cv_prog_make_make_set=yes
ac_cv_type_nfds_t=yes
am_cv_CC_dependencies_compiler_type=gcc3
am_cv_CXX_dependencies_compiler_type=gcc3
am_cv_make_support_nested_variables=yes
am_cv_prog_cc_c_o=yes
lt_cv_ar_at_file=@
lt_cv_archive_cmds_need_lc=no
lt_cv_deplibs_check_method=pass_all
lt_cv_file_magic_cmd='$MAGIC_CMD'
lt_cv_file_magic_test_file=
lt_cv_ld_reload_flag=-r
lt_cv_nm_interface='BSD nm'
lt_cv_objdir=.libs
lt_cv_path_LD=/usr/bin/ld
lt_cv_path_LDCXX='/usr/bin/ld -m elf_x86_64'
lt_cv_path_NM='/usr/bin/nm -B'
lt_cv_path_mainfest_tool=no
lt_cv_prog_compiler_c_o=yes
lt_cv_prog_compiler_c_o_CXX=yes
lt_cv_prog_compiler_pic='-fPIC -DPIC'
lt_cv_prog_compiler_pic_CXX='-fPIC -DPIC'
lt_cv_prog_compiler_pic_works=yes
lt_cv_prog_compiler_pic_works_CXX=yes
lt_cv_prog_compiler_rtti_exceptions=no
lt_cv_prog_compiler_static_works=yes
lt_cv_prog_compiler_static_works_CXX=yes
lt_cv_prog_gnu_ld=yes
lt_cv_prog_gnu_ldcxx=yes
lt_cv_sharedlib_from_linklib_cmd='printf %s\n'
lt_cv_shlibpath_overrides_runpath=yes
lt_cv_sys_global_symbol_pipe='sed -n -e '\''s/^.*[	 ]\([ABCDGIRSTW][ABCDGIRSTW]*\)[	 ][	 ]*\([_A-Za-z][_A-Za-z0-9]*\)$/\1 \2 \2/p'\'' | sed '\''/ __gnu_lto/d'\'''
lt_cv_sys_global_symbol_to_c_name_address='sed -n -e '\''s/^: \(.*\) .*$/  {"\1", (void *) 0},/p'\'' -e '\''s/^[ABCDGIRSTW][ABCDGIRSTW]* .* \(.*\)$/  {"\1", (void *) \&\1},/p'\'''
lt_cv_sys_global_symbol_to_c_name_address_lib_prefix='sed -n -e '\''s/^: \(.*\) .*$/  {"\1", (void *) 0},/p'\'' -e '\''s/^[ABCDGIRSTW][ABCDGIRSTW]* .* \(lib.*\)$/  {"\1", (void *) \&\1},/p'\'' -e '\''s/^[ABCDGIRSTW][ABCDGIRSTW]* .* \(.*\)$/  {"lib\1", (void *) \&\1},/p'\'''
lt_cv_sys_global_symbol_to_cdecl='sed -n -e '\''s/^T .* \(.*\)$/extern int \1();/p'\'' -e '\''s/^[ABCDGIRSTW][ABCDGIRSTW]* .* \(.*\)$/extern char \1;/p'\'''
lt_cv_sys_global_symbol_to_import=
lt_cv_sys_max_cmd_len=1572864
lt_cv_to_host_file_cmd=func_convert_file_noop
lt_cv_to_tool_file_cmd=func_convert_file_noop
lt_cv_truncate_bin='/usr/bin/dd bs=4096 count=1'

## ----------------- ##
## Output variables. ##
## ----------------- ##

ACLOCAL='${SHELL} /home/rolis/calvin/ext/zookeeper/missing aclocal-1.15'
AMDEPBACKSLASH='\'
AMDEP_FALSE='#'
AMDEP_TRUE=''
AMTAR='$${TAR-tar}'
AM_BACKSLASH='\'
AM_DEFAULT_V='$(AM_DEFAULT_VERBOSITY)'
AM_DEFAULT_VERBOSITY='1'
AM_V='$(V)'
AR='ar'
AUTOCONF='${SHELL} /home/rolis/calvin/ext/zookeeper/missing autoconf'
AUTOHEADER='${SHELL} /home/rolis/calvin/ext/zookeeper/missing autoheader'
AUTOMAKE='${SHELL} /home/rolis/calvin/ext/zookeeper/missing automake-1.15'
AWK='gawk'
CC='gcc'
CCDEPMODE='depmode=gcc3'
CFLAGS='-g -O2 -D_GNU_SOURCE'
CPP='gcc -E'
CPPFLAGS=''
CPPUNIT_CFLAGS=' -DZKSERVER_CMD="\"./tests/zkServer.sh\""'
CPPUNIT_CONFIG='no'
CPPUNIT_LIBS=''
CXX='g++'
CXXCPP='g++ -E'
CXXDEPMODE='depmode=gcc3'
CXXFLAGS='-g -O2'
CYGPATH_W='echo'
DEFS='-DHAVE_CONFIG_H'
DEPDIR='.deps'
DLLTOOL='false'
DOXYGEN_PAPER_SIZE=''
DSYMUTIL=''
DUMPBIN=''
DX_COND_chi_FALSE=''
DX_COND_chi_TRUE='#'
DX_COND_chm_FALSE=''
DX_COND_chm_TRUE='#'
DX_COND_doc_FALSE='#'
DX_COND_doc_TRUE=''
DX_COND_dot_FALSE='#'
DX_COND_dot_TRUE=''
DX_COND_html_FALSE='#'
DX_COND_html_TRUE=''
DX_COND_latex_FALSE=''
DX_COND_latex_TRUE='#'
DX_COND_man_FALSE=''
DX_COND_man_TRUE='#'
DX_COND_pdf_FALSE=''
DX_COND_pdf_TRUE='#'
DX_COND_ps_FALSE=''
DX_COND_ps_TRUE='#'
DX_COND_rtf_FALSE=''
DX_COND_rtf_TRUE='#'
DX_COND_xml_FALSE=''
DX_COND_xml_TRUE='#'
DX_CONFIG='c-doc.Doxyfile'
DX_DOCDIR='docs'
DX_DOT=''
DX_DOXYGEN=''
DX_DVIPS=''
DX_EGREP=''
DX_ENV=' SRCDIR='\''.'\'' PROJECT='\''zookeeper'\'' DOCDIR='\''docs'\'' VERSION='\''3.4.12'\'' PERL_PATH='\''/usr/bin/perl'\'' HAVE_DOT='\''YES'\'' DOT_PATH='\''.'\'' GENERATE_MAN='\''NO'\'' GENERATE_RTF='\''NO'\'' GENERATE_XML='\''NO'\'' GENERATE_HTMLHELP='\''NO'\'' GENERATE_CHI='\''NO'\'' GENERATE_HTML='\''YES'\'' GENERATE_LATEX='\''NO'\'''
DX_FLAG_chi='0'
DX_FLAG_chm='0'
DX_FLAG_doc='1'
DX_FLAG_dot='1'
DX_FLAG_html='1'
DX_FLAG_man='0'
DX_FLAG_pdf='0'
DX_FLAG_ps='0'
DX_FLAG_rtf='0'
DX_FLAG_xml='0'
DX_HHC=''
DX_LATEX=''
DX_MAKEINDEX=''
DX_PDFLATEX=''
DX_PERL='/usr/bin/perl'
DX_PROJECT='zookeeper'
ECHO_C=''
ECHO_N='-n'
ECHO_T=''
EGREP='/usr/bin/grep -E'
EXEEXT=''
FGREP='/usr/bin/grep -F'
GREP='/usr/bin/grep'
INSTALL_DATA='${INSTALL} -m 644'
INSTALL_PROGRAM='${INSTALL}'
INSTALL_SCRIPT='${INSTALL}'
INSTALL_STRIP_PROGRAM='$(install_sh) -c -s'
LD='/usr/bin/ld -m elf_x86_64'
LDFLAGS=''
LIBOBJS=''
LIBS=''
LIBTOOL='$(SHELL) $(top_builddir)/libtool'
LIPO=''
LN_S='ln -s'
LTLIBOBJS=''
LT_SYS_LIBRARY_PATH=''
MAKEINFO='${SHELL} /home/rolis/calvin/ext/zookeeper/missing makeinfo'
MANIFEST_TOOL=':'
MKDIR_P='/usr/bin/mkdir -p'
NM='/usr/bin/nm -B'
NMEDIT=''
OBJDUMP='objdump'
OBJEXT='o'
OTOOL64=''
OTOOL=''
PACKAGE='zookeeper'
PACKAGE_BUGREPORT='user@zookeeper.apache.org'
PACKAGE_NAME='zookeeper C client'
PACKAGE_STRING='zookeeper C client 3.4.12'
PACKAGE_TARNAME='zookeeper'
PACKAGE_URL=''
PACKAGE_VERSION='3.4.12'
PATH_SEPARATOR=':'
RANLIB='ranlib'
SED='/usr/bin/sed'
SET_MAKE=''
SHELL='/bin/bash'
SOLARIS_FALSE=''
SOLARIS_TRUE='#'
STRIP='strip'
USEIPV6='-DZOO_IPV6_ENABLED'
VERSION='3.4.12'
WANT_SYNCAPI_FALSE='#'
WANT_SYNCAPI_TRUE=''
ac_ct_AR='ar'
ac_ct_CC='gcc'
ac_ct_CXX='g++'
ac_ct_DUMPBIN=''
am__EXEEXT_FALSE=''
am__EXEEXT_TRUE='#'
am__fastdepCC_FALSE='#'
am__fastdepCC_TRUE=''
am__fastdepCXX_FALSE='#'
am__fastdepCXX_TRUE=''
am__include='include'
am__isrc=''
am__leading_dot='.'
am__nodep='_no'
am__quote=''
am__tar='$${TAR-tar} chof - "$$tardir"'
am__untar='$${TAR-tar} xf -'
bindir='${exec_prefix}/bin'
build='x86_64-pc-linux-gnu'
build_alias=''
build_cpu='x86_64'
build_os='linux-gnu'
build_vendor='pc'
datadir='${datarootdir}'
datarootdir='${prefix}/share'
docdir='${datarootdir}/doc/${PACKAGE_TARNAME}'
dvidir='${docdir}'
exec_prefix='${prefix}'
host='x86_64-pc-linux-gnu'
host_alias=''
host_cpu='x86_64'
host_os='linux-gnu'
host_vendor='pc'
htmldir='${docdir}'
includedir='${prefix}/include'
infodir='${datarootdir}/info'
install_sh='${SHELL} /home/rolis/calvin/ext/zookeeper/install-sh'
libdir='${exec_prefix}/lib'
libexecdir='${exec_prefix}/libexec'
localedir='${datarootdir}/locale'
localstatedir='${prefix}/var'
mandir='${datarootdir}/man'
mkdir_p='$(MKDIR_P)'
oldincludedir='/usr/include'
pdfdir='${docdir}'
prefix='/home/rolis/calvin/ext/zookeeper'
program_transform_name='s,x,x,'
psdir='${docdir}'
runstatedir='${localstatedir}/run'
sbindir='${exec_prefix}/sbin'
sharedstatedir='${prefix}/com'
sysconfdir='${prefix}/etc'
target_alias=''

## ----------- ##
## confdefs.h. ##
## ----------- ##

/* confdefs.h */
#define PACKAGE_NAME "zookeeper C client"
#define PACKAGE_TARNAME "zookeeper"
#define PACKAGE_VERSION "3.4.12"
#define PACKAGE_STRING "zookeeper C client 3.4.12"
#define PACKAGE_BUGREPORT "user@zookeeper.apache.org"
#define PACKAGE_URL ""
#define PACKAGE "zookeeper"
#define VERSION "3.4.12"
#define HAVE_GENERATED_ZOOKEEPER_JUTE_C 1
#define HAVE_GENERATED_ZOOKEEPER_JUTE_H 1
#define STDC_HEADERS 1
#define HAVE_SYS_TYPES_H 1
#define HAVE_SYS_STAT_H 1
#define HAVE_STDLIB_H 1
#define HAVE_STRING_H 1
#define HAVE_MEMORY_H 1
#define HAVE_STRINGS_H 1
#define HAVE_INTTYPES_H 1
#define HAVE_STDINT_H 1
#define HAVE_UNISTD_H 1
#define HAVE_DLFCN_H 1
#define LT_OBJDIR ".libs/"
#define STDC_HEADERS 1
#define HAVE_ARPA_INET_H 1
#define HAVE_FCNTL_H 1
#define HAVE_NETDB_H 1
#define HAVE_NETINET_IN_H 1
#define HAVE_STDLIB_H 1
#define HAVE_STRING_H 1
#define HAVE_SYS_SOCKET_H 1
#define HAVE_SYS_TIME_H 1
#define HAVE_UNISTD_H 1
#define HAVE_SYS_UTSNAME_H 1
#define TIME_WITH_SYS_TIME 1
#define POLL_NFDS_TYPE nfds_t
#define HAVE_GETCWD 1
#define HAVE_GETHOSTBYNAME 1
#define HAVE_GETHOSTNAME 1
#define HAVE_GETLOGIN 1
#define HAVE_GETPWUID_R 1
#define HAVE_GETTIMEOFDAY 1
#define HAVE_GETUID 1
#define HAVE_MEMMOVE 1
#define HAVE_MEMSET 1
#define HAVE_POLL 1
#define HAVE_SOCKET 1
#define HAVE_STRCHR 1
#define HAVE_STRDUP 1
#define HAVE_STRERROR 1
#define HAVE_STRTOL 1

configure: exit 0
