This file contains any messages produced by compilers while
running configure, to aid debugging if configure makes a mistake.

It was created by zeromq configure 2.1.11, which was
generated by GNU Autoconf 2.69.  Invocation command line was

  $ ../configure --prefix=/home/azureuser/calvin/ext/zeromq/build

## --------- ##
## Platform. ##
## --------- ##

hostname = rolis-ds-0
uname -m = x86_64
uname -r = 5.4.0-1069-azure
uname -s = Linux
uname -v = #72~18.04.1-Ubuntu SMP Mon Feb 7 11:12:24 UTC 2022

/usr/bin/uname -p = unknown
/bin/uname -X     = unknown

/bin/arch              = unknown
/usr/bin/arch -k       = unknown
/usr/convex/getsysinfo = unknown
/usr/bin/hostinfo      = unknown
/bin/machine           = unknown
/usr/bin/oslevel       = unknown
/bin/universe          = unknown

PATH: /usr/local/sbin
PATH: /usr/local/bin
PATH: /usr/sbin
PATH: /usr/bin
PATH: /sbin
PATH: /bin
PATH: /usr/games
PATH: /usr/local/games
PATH: /snap/bin


## ----------- ##
## Core tests. ##
## ----------- ##

configure:2776: checking for a BSD-compatible install
configure:2844: result: /usr/bin/install -c
configure:2855: checking whether build environment is sane
configure:2910: result: yes
configure:3061: checking for a thread-safe mkdir -p
configure:3100: result: /bin/mkdir -p
configure:3107: checking for gawk
configure:3123: found /usr/bin/gawk
configure:3134: result: gawk
configure:3145: checking whether make sets $(MAKE)
configure:3167: result: yes
configure:3196: checking whether make supports nested variables
configure:3213: result: yes
configure:3302: checking whether UID '1000' is supported by ustar format
configure:3305: result: yes
configure:3312: checking whether GID '1000' is supported by ustar format
configure:3315: result: yes
configure:3323: checking how to create a ustar tar archive
configure:3334: tar --version
tar (GNU tar) 1.29
Copyright (C) 2015 Free Software Foundation, Inc.
License GPLv3+: GNU GPL version 3 or later <http://gnu.org/licenses/gpl.html>.
This is free software: you are free to change and redistribute it.
There is NO WARRANTY, to the extent permitted by law.

Written by John Gilmore and Jay Fenlason.
configure:3337: $? = 0
configure:3377: tardir=conftest.dir && eval tar --format=ustar -chf - "$tardir" >conftest.tar
configure:3380: $? = 0
configure:3384: tar -xf - <conftest.tar
configure:3387: $? = 0
configure:3389: cat conftest.dir/file
GrepMe
configure:3392: $? = 0
configure:3405: result: gnutar
configure:3466: checking whether make supports nested variables
configure:3483: result: yes
configure:3567: checking for gcc
configure:3583: found /usr/bin/gcc
configure:3594: result: gcc
configure:3823: checking for C compiler version
configure:3832: gcc --version >&5
gcc (Ubuntu 7.5.0-3ubuntu1~18.04) 7.5.0
Copyright (C) 2017 Free Software Foundation, Inc.
This is free software; see the source for copying conditions.  There is NO
warranty; not even for MERCHANTABILITY or FITNESS FOR A PARTICULAR PURPOSE.

configure:3843: $? = 0
configure:3832: gcc -v >&5
Using built-in specs.
COLLECT_GCC=gcc
COLLECT_LTO_WRAPPER=/usr/lib/gcc/x86_64-linux-gnu/7/lto-wrapper
OFFLOAD_TARGET_NAMES=nvptx-none
OFFLOAD_TARGET_DEFAULT=1
Target: x86_64-linux-gnu
Configured with: ../src/configure -v --with-pkgversion='Ubuntu 7.5.0-3ubuntu1~18.04' --with-bugurl=file:///usr/share/doc/gcc-7/README.Bugs --enable-languages=c,ada,c++,go,brig,d,fortran,objc,obj-c++ --prefix=/usr --with-gcc-major-version-only --program-suffix=-7 --program-prefix=x86_64-linux-gnu- --enable-shared --enable-linker-build-id --libexecdir=/usr/lib --without-included-gettext --enable-threads=posix --libdir=/usr/lib --enable-nls --enable-bootstrap --enable-clocale=gnu --enable-libstdcxx-debug --enable-libstdcxx-time=yes --with-default-libstdcxx-abi=new --enable-gnu-unique-object --disable-vtable-verify --enable-libmpx --enable-plugin --enable-default-pie --with-system-zlib --with-target-system-zlib --enable-objc-gc=auto --enable-multiarch --disable-werror --with-arch-32=i686 --with-abi=m64 --with-multilib-list=m32,m64,mx32 --enable-multilib --with-tune=generic --enable-offload-targets=nvptx-none --without-cuda-driver --enable-checking=release --build=x86_64-linux-gnu --host=x86_64-linux-gnu --target=x86_64-linux-gnu
Thread model: posix
gcc version 7.5.0 (Ubuntu 7.5.0-3ubuntu1~18.04) 
configure:3843: $? = 0
configure:3832: gcc -V >&5
gcc: error: unrecognized command line option '-V'
gcc: fatal error: no input files
compilation terminated.
configure:3843: $? = 1
configure:3832: gcc -qversion >&5
gcc: error: unrecognized command line option '-qversion'; did you mean '--version'?
gcc: fatal error: no input files
compilation terminated.
configure:3843: $? = 1
configure:3863: checking whether the C compiler works
configure:3885: gcc    conftest.c  >&5
configure:3889: $? = 0
configure:3937: result: yes
configure:3940: checking for C compiler default output file name
configure:3942: result: a.out
configure:3948: checking for suffix of executables
configure:3955: gcc -o conftest    conftest.c  >&5
configure:3959: $? = 0
configure:3981: result: 
configure:4003: checking whether we are cross compiling
configure:4011: gcc -o conftest    conftest.c  >&5
configure:4015: $? = 0
configure:4022: ./conftest
configure:4026: $? = 0
configure:4041: result: no
configure:4046: checking for suffix of object files
configure:4068: gcc -c   conftest.c >&5
configure:4072: $? = 0
configure:4093: result: o
configure:4097: checking whether we are using the GNU C compiler
configure:4116: gcc -c   conftest.c >&5
configure:4116: $? = 0
configure:4125: result: yes
configure:4134: checking whether gcc accepts -g
configure:4154: gcc -c -g  conftest.c >&5
configure:4154: $? = 0
configure:4195: result: yes
configure:4212: checking for gcc option to accept ISO C89
configure:4275: gcc  -c -g -O2  conftest.c >&5
configure:4275: $? = 0
configure:4288: result: none needed
configure:4313: checking whether gcc understands -c and -o together
configure:4335: gcc -c conftest.c -o conftest2.o
configure:4338: $? = 0
configure:4335: gcc -c conftest.c -o conftest2.o
configure:4338: $? = 0
configure:4350: result: yes
configure:4378: checking for style of include used by make
configure:4406: result: GNU
configure:4432: checking dependency style of gcc
configure:4543: result: gcc3
configure:4558: checking for gcc option to accept ISO C99
configure:4707: gcc  -c -g -O2  conftest.c >&5
configure:4707: $? = 0
configure:4720: result: none needed
configure:4793: checking for g++
configure:4809: found /usr/bin/g++
configure:4820: result: g++
configure:4847: checking for C++ compiler version
configure:4856: g++ --version >&5
g++ (Ubuntu 7.5.0-3ubuntu1~18.04) 7.5.0
Copyright (C) 2017 Free Software Foundation, Inc.
This is free software; see the source for copying conditions.  There is NO
warranty; not even for MERCHANTABILITY or FITNESS FOR A PARTICULAR PURPOSE.

configure:4867: $? = 0
configure:4856: g++ -v >&5
Using built-in specs.
COLLECT_GCC=g++
COLLECT_LTO_WRAPPER=/usr/lib/gcc/x86_64-linux-gnu/7/lto-wrapper
OFFLOAD_TARGET_NAMES=nvptx-none
OFFLOAD_TARGET_DEFAULT=1
Target: x86_64-linux-gnu
Configured with: ../src/configure -v --with-pkgversion='Ubuntu 7.5.0-3ubuntu1~18.04' --with-bugurl=file:///usr/share/doc/gcc-7/README.Bugs --enable-languages=c,ada,c++,go,brig,d,fortran,objc,obj-c++ --prefix=/usr --with-gcc-major-version-only --program-suffix=-7 --program-prefix=x86_64-linux-gnu- --enable-shared --enable-linker-build-id --libexecdir=/usr/lib --without-included-gettext --enable-threads=posix --libdir=/usr/lib --enable-nls --enable-bootstrap --enable-clocale=gnu --enable-libstdcxx-debug --enable-libstdcxx-time=yes --with-default-libstdcxx-abi=new --enable-gnu-unique-object --disable-vtable-verify --enable-libmpx --enable-plugin --enable-default-pie --with-system-zlib --with-target-system-zlib --enable-objc-gc=auto --enable-multiarch --disable-werror --with-arch-32=i686 --with-abi=m64 --with-multilib-list=m32,m64,mx32 --enable-multilib --with-tune=generic --enable-offload-targets=nvptx-none --without-cuda-driver --enable-checking=release --build=x86_64-linux-gnu --host=x86_64-linux-gnu --target=x86_64-linux-gnu
Thread model: posix
gcc version 7.5.0 (Ubuntu 7.5.0-3ubuntu1~18.04) 
configure:4867: $? = 0
configure:4856: g++ -V >&5
g++: error: unrecognized command line option '-V'
g++: fatal error: no input files
compilation terminated.
configure:4867: $? = 1
configure:4856: g++ -qversion >&5
g++: error: unrecognized command line option '-qversion'; did you mean '--version'?
g++: fatal error: no input files
compilation terminated.
configure:4867: $? = 1
configure:4871: checking whether we are using the GNU C++ compiler
configure:4890: g++ -c   conftest.cpp >&5
configure:4890: $? = 0
configure:4899: result: yes
configure:4908: checking whether g++ accepts -g
configure:4928: g++ -c -g  conftest.cpp >&5
configure:4928: $? = 0
configure:4969: result: yes
configure:4994: checking dependency style of g++
configure:5105: result: gcc3
configure:5121: checking for a sed that does not truncate output
configure:5185: result: /bin/sed
configure:5194: checking for gawk
configure:5221: result: gawk
configure:5236: checking for xmlto
configure:5254: found /usr/bin/xmlto
configure:5266: result: /usr/bin/xmlto
configure:5277: checking for asciidoc
configure:5295: found /usr/bin/asciidoc
configure:5307: result: /usr/bin/asciidoc
configure:5319: checking build system type
configure:5333: result: x86_64-pc-linux-gnu
configure:5353: checking host system type
configure:5366: result: x86_64-pc-linux-gnu
configure:5807: checking how to print strings
configure:5834: result: printf
configure:5855: checking for a sed that does not truncate output
configure:5919: result: /bin/sed
configure:5937: checking for grep that handles long lines and -e
configure:5995: result: /bin/grep
configure:6000: checking for egrep
configure:6062: result: /bin/grep -E
configure:6067: checking for fgrep
configure:6129: result: /bin/grep -F
configure:6164: checking for ld used by gcc
configure:6231: result: /usr/bin/ld
configure:6238: checking if the linker (/usr/bin/ld) is GNU ld
configure:6253: result: yes
configure:6265: checking for BSD- or MS-compatible name lister (nm)
configure:6319: result: /usr/bin/nm -B
configure:6449: checking the name lister (/usr/bin/nm -B) interface
configure:6456: gcc -c -g -O2  conftest.c >&5
configure:6459: /usr/bin/nm -B "conftest.o"
configure:6462: output
0000000000000000 B some_variable
configure:6469: result: BSD nm
configure:6472: checking whether ln -s works
configure:6476: result: yes
configure:6484: checking the maximum length of command line arguments
configure:6615: result: 1572864
configure:6663: checking how to convert x86_64-pc-linux-gnu file names to x86_64-pc-linux-gnu format
configure:6703: result: func_convert_file_noop
configure:6710: checking how to convert x86_64-pc-linux-gnu file names to toolchain format
configure:6730: result: func_convert_file_noop
configure:6737: checking for /usr/bin/ld option to reload object files
configure:6744: result: -r
configure:6818: checking for objdump
configure:6845: result: objdump
configure:6874: checking how to recognize dependent libraries
configure:7074: result: pass_all
configure:7159: checking for dlltool
configure:7186: result: dlltool
configure:7216: checking how to associate runtime and link libraries
configure:7243: result: printf %s\n
configure:7304: checking for ar
configure:7320: found /usr/bin/ar
configure:7331: result: ar
configure:7368: checking for archiver @FILE support
configure:7385: gcc -c -g -O2  conftest.c >&5
configure:7385: $? = 0
configure:7388: ar cru libconftest.a @conftest.lst >&5
ar: `u' modifier ignored since `D' is the default (see `U')
configure:7391: $? = 0
configure:7396: ar cru libconftest.a @conftest.lst >&5
ar: `u' modifier ignored since `D' is the default (see `U')
ar: conftest.o: No such file or directory
configure:7399: $? = 1
configure:7411: result: @
configure:7469: checking for strip
configure:7485: found /usr/bin/strip
configure:7496: result: strip
configure:7568: checking for ranlib
configure:7584: found /usr/bin/ranlib
configure:7595: result: ranlib
configure:7697: checking command to parse /usr/bin/nm -B output from gcc object
configure:7850: gcc -c -g -O2  conftest.c >&5
configure:7853: $? = 0
configure:7857: /usr/bin/nm -B conftest.o \| sed -n -e 's/^.*[ ]\([ABCDGIRSTW][ABCDGIRSTW]*\)[ ][ ]*\([_A-Za-z][_A-Za-z0-9]*\)$/\1 \2 \2/p' | sed '/ __gnu_lto/d' \> conftest.nm
configure:7860: $? = 0
configure:7926: gcc -o conftest -g -O2   conftest.c conftstm.o >&5
configure:7929: $? = 0
configure:7967: result: ok
configure:8014: checking for sysroot
configure:8044: result: no
configure:8051: checking for a working dd
configure:8089: result: /bin/dd
configure:8093: checking how to truncate binary pipes
configure:8108: result: /bin/dd bs=4096 count=1
configure:8244: gcc -c -g -O2  conftest.c >&5
configure:8247: $? = 0
configure:8437: checking for mt
configure:8453: found /bin/mt
configure:8464: result: mt
configure:8487: checking if mt is a manifest tool
configure:8493: mt '-?'
configure:8501: result: no
configure:9178: checking how to run the C preprocessor
configure:9209: gcc -E  conftest.c
configure:9209: $? = 0
configure:9223: gcc -E  conftest.c
conftest.c:11:10: fatal error: ac_nonexistent.h: No such file or directory
 #include <ac_nonexistent.h>
          ^~~~~~~~~~~~~~~~~~
compilation terminated.
configure:9223: $? = 1
configure: failed program was:
| /* confdefs.h */
| #define PACKAGE_NAME "zeromq"
| #define PACKAGE_TARNAME "zeromq"
| #define PACKAGE_VERSION "2.1.11"
| #define PACKAGE_STRING "zeromq 2.1.11"
| #define PACKAGE_BUGREPORT "zeromq-dev@lists.zeromq.org"
| #define PACKAGE_URL ""
| #define PACKAGE "zeromq"
| #define VERSION "2.1.11"
| /* end confdefs.h.  */
| #include <ac_nonexistent.h>
configure:9248: result: gcc -E
configure:9268: gcc -E  conftest.c
configure:9268: $? = 0
configure:9282: gcc -E  conftest.c
conftest.c:11:10: fatal error: ac_nonexistent.h: No such file or directory
 #include <ac_nonexistent.h>
          ^~~~~~~~~~~~~~~~~~
compilation terminated.
configure:9282: $? = 1
configure: failed program was:
| /* confdefs.h */
| #define PACKAGE_NAME "zeromq"
| #define PACKAGE_TARNAME "zeromq"
| #define PACKAGE_VERSION "2.1.11"
| #define PACKAGE_STRING "zeromq 2.1.11"
| #define PACKAGE_BUGREPORT "zeromq-dev@lists.zeromq.org"
| #define PACKAGE_URL ""
| #define PACKAGE "zeromq"
| #define VERSION "2.1.11"
| /* end confdefs.h.  */
| #include <ac_nonexistent.h>
configure:9311: checking for ANSI C header files
configure:9331: gcc -c -g -O2  conftest.c >&5
configure:9331: $? = 0
configure:9404: gcc -o conftest -g -O2   conftest.c  >&5
configure:9404: $? = 0
configure:9404: ./conftest
configure:9404: $? = 0
configure:9415: result: yes
configure:9428: checking for sys/types.h
configure:9428: gcc -c -g -O2  conftest.c >&5
configure:9428: $? = 0
configure:9428: result: yes
configure:9428: checking for sys/stat.h
configure:9428: gcc -c -g -O2  conftest.c >&5
configure:9428: $? = 0
configure:9428: result: yes
configure:9428: checking for stdlib.h
configure:9428: gcc -c -g -O2  conftest.c >&5
configure:9428: $? = 0
configure:9428: result: yes
configure:9428: checking for string.h
configure:9428: gcc -c -g -O2  conftest.c >&5
configure:9428: $? = 0
configure:9428: result: yes
configure:9428: checking for memory.h
configure:9428: gcc -c -g -O2  conftest.c >&5
configure:9428: $? = 0
configure:9428: result: yes
configure:9428: checking for strings.h
configure:9428: gcc -c -g -O2  conftest.c >&5
configure:9428: $? = 0
configure:9428: result: yes
configure:9428: checking for inttypes.h
configure:9428: gcc -c -g -O2  conftest.c >&5
configure:9428: $? = 0
configure:9428: result: yes
configure:9428: checking for stdint.h
configure:9428: gcc -c -g -O2  conftest.c >&5
configure:9428: $? = 0
configure:9428: result: yes
configure:9428: checking for unistd.h
configure:9428: gcc -c -g -O2  conftest.c >&5
configure:9428: $? = 0
configure:9428: result: yes
configure:9442: checking for dlfcn.h
configure:9442: gcc -c -g -O2  conftest.c >&5
configure:9442: $? = 0
configure:9442: result: yes
configure:9677: checking for objdir
configure:9692: result: .libs
configure:9956: checking if gcc supports -fno-rtti -fno-exceptions
configure:9974: gcc -c -g -O2  -fno-rtti -fno-exceptions conftest.c >&5
cc1: warning: command line option '-fno-rtti' is valid for C++/ObjC++ but not for C
configure:9978: $? = 0
configure:9991: result: no
configure:10349: checking for gcc option to produce PIC
configure:10356: result: -fPIC -DPIC
configure:10364: checking if gcc PIC flag -fPIC -DPIC works
configure:10382: gcc -c -g -O2  -fPIC -DPIC -DPIC conftest.c >&5
configure:10386: $? = 0
configure:10399: result: yes
configure:10428: checking if gcc static flag -static works
configure:10456: result: yes
configure:10471: checking if gcc supports -c -o file.o
configure:10492: gcc -c -g -O2  -o out/conftest2.o conftest.c >&5
configure:10496: $? = 0
configure:10518: result: yes
configure:10526: checking if gcc supports -c -o file.o
configure:10573: result: yes
configure:10606: checking whether the gcc linker (/usr/bin/ld -m elf_x86_64) supports shared libraries
configure:11869: result: yes
configure:11906: checking whether -lc should be explicitly linked in
configure:11914: gcc -c -g -O2  conftest.c >&5
configure:11917: $? = 0
configure:11932: gcc -shared  -fPIC -DPIC conftest.o  -v -Wl,-soname -Wl,conftest -o conftest 2\>\&1 \| /bin/grep  -lc  \>/dev/null 2\>\&1
configure:11935: $? = 0
configure:11949: result: no
configure:12109: checking dynamic linker characteristics
configure:12690: gcc -o conftest -g -O2   -Wl,-rpath -Wl,/foo conftest.c  >&5
configure:12690: $? = 0
configure:12939: result: GNU/Linux ld.so
configure:13061: checking how to hardcode library paths into programs
configure:13086: result: immediate
configure:13634: checking whether stripping libraries is possible
configure:13639: result: yes
configure:13674: checking if libtool supports shared libraries
configure:13676: result: yes
configure:13679: checking whether to build shared libraries
configure:13704: result: yes
configure:13707: checking whether to build static libraries
configure:13711: result: yes
configure:13734: checking how to run the C++ preprocessor
configure:13761: g++ -E  conftest.cpp
configure:13761: $? = 0
configure:13775: g++ -E  conftest.cpp
conftest.cpp:23:10: fatal error: ac_nonexistent.h: No such file or directory
 #include <ac_nonexistent.h>
          ^~~~~~~~~~~~~~~~~~
compilation terminated.
configure:13775: $? = 1
configure: failed program was:
| /* confdefs.h */
| #define PACKAGE_NAME "zeromq"
| #define PACKAGE_TARNAME "zeromq"
| #define PACKAGE_VERSION "2.1.11"
| #define PACKAGE_STRING "zeromq 2.1.11"
| #define PACKAGE_BUGREPORT "zeromq-dev@lists.zeromq.org"
| #define PACKAGE_URL ""
| #define PACKAGE "zeromq"
| #define VERSION "2.1.11"
| #define STDC_HEADERS 1
| #define HAVE_SYS_TYPES_H 1
| #define HAVE_SYS_STAT_H 1
| #define HAVE_STDLIB_H 1
| #define HAVE_STRING_H 1
| #define HAVE_MEMORY_H 1
| #define HAVE_STRINGS_H 1
| #define HAVE_INTTYPES_H 1
| #define HAVE_STDINT_H 1
| #define HAVE_UNISTD_H 1
| #define HAVE_DLFCN_H 1
| #define LT_OBJDIR ".libs/"
| /* end confdefs.h.  */
| #include <ac_nonexistent.h>
configure:13800: result: g++ -E
configure:13820: g++ -E  conftest.cpp
configure:13820: $? = 0
configure:13834: g++ -E  conftest.cpp
conftest.cpp:23:10: fatal error: ac_nonexistent.h: No such file or directory
 #include <ac_nonexistent.h>
          ^~~~~~~~~~~~~~~~~~
compilation terminated.
configure:13834: $? = 1
configure: failed program was:
| /* confdefs.h */
| #define PACKAGE_NAME "zeromq"
| #define PACKAGE_TARNAME "zeromq"
| #define PACKAGE_VERSION "2.1.11"
| #define PACKAGE_STRING "zeromq 2.1.11"
| #define PACKAGE_BUGREPORT "zeromq-dev@lists.zeromq.org"
| #define PACKAGE_URL ""
| #define PACKAGE "zeromq"
| #define VERSION "2.1.11"
| #define STDC_HEADERS 1
| #define HAVE_SYS_TYPES_H 1
| #define HAVE_SYS_STAT_H 1
| #define HAVE_STDLIB_H 1
| #define HAVE_STRING_H 1
| #define HAVE_MEMORY_H 1
| #define HAVE_STRINGS_H 1
| #define HAVE_INTTYPES_H 1
| #define HAVE_STDINT_H 1
| #define HAVE_UNISTD_H 1
| #define HAVE_DLFCN_H 1
| #define LT_OBJDIR ".libs/"
| /* end confdefs.h.  */
| #include <ac_nonexistent.h>
configure:13996: checking for ld used by g++
configure:14063: result: /usr/bin/ld -m elf_x86_64
configure:14070: checking if the linker (/usr/bin/ld -m elf_x86_64) is GNU ld
configure:14085: result: yes
configure:14140: checking whether the g++ linker (/usr/bin/ld -m elf_x86_64) supports shared libraries
configure:15213: result: yes
configure:15249: g++ -c -g -O2  conftest.cpp >&5
configure:15252: $? = 0
configure:15733: checking for g++ option to produce PIC
configure:15740: result: -fPIC -DPIC
configure:15748: checking if g++ PIC flag -fPIC -DPIC works
configure:15766: g++ -c -g -O2  -fPIC -DPIC -DPIC conftest.cpp >&5
configure:15770: $? = 0
configure:15783: result: yes
configure:15806: checking if g++ static flag -static works
configure:15834: result: yes
configure:15846: checking if g++ supports -c -o file.o
configure:15867: g++ -c -g -O2  -o out/conftest2.o conftest.cpp >&5
configure:15871: $? = 0
configure:15893: result: yes
configure:15898: checking if g++ supports -c -o file.o
configure:15945: result: yes
configure:15975: checking whether the g++ linker (/usr/bin/ld -m elf_x86_64) supports shared libraries
configure:16018: result: yes
configure:16159: checking dynamic linker characteristics
configure:16916: result: GNU/Linux ld.so
configure:16981: checking how to hardcode library paths into programs
configure:17006: result: immediate
configure:17079: checking whether the C compiler works
configure:17095: gcc -o conftest -g -O2   conftest.c  >&5
configure:17095: $? = 0
configure:17104: result: yes
configure:17112: checking whether we are using Intel C compiler
configure:17131: gcc -c -g -O2  conftest.c >&5
conftest.c: In function 'main':
conftest.c:28:8: error: 'error' undeclared (first use in this function)
        error if not ICC
        ^~~~~
conftest.c:28:8: note: each undeclared identifier is reported only once for each function it appears in
conftest.c:28:14: error: expected ';' before 'if'
        error if not ICC
              ^~
configure:17131: $? = 1
configure: failed program was:
| /* confdefs.h */
| #define PACKAGE_NAME "zeromq"
| #define PACKAGE_TARNAME "zeromq"
| #define PACKAGE_VERSION "2.1.11"
| #define PACKAGE_STRING "zeromq 2.1.11"
| #define PACKAGE_BUGREPORT "zeromq-dev@lists.zeromq.org"
| #define PACKAGE_URL ""
| #define PACKAGE "zeromq"
| #define VERSION "2.1.11"
| #define STDC_HEADERS 1
| #define HAVE_SYS_TYPES_H 1
| #define HAVE_SYS_STAT_H 1
| #define HAVE_STDLIB_H 1
| #define HAVE_STRING_H 1
| #define HAVE_MEMORY_H 1
| #define HAVE_STRINGS_H 1
| #define HAVE_INTTYPES_H 1
| #define HAVE_STDINT_H 1
| #define HAVE_UNISTD_H 1
| #define HAVE_DLFCN_H 1
| #define LT_OBJDIR ".libs/"
| /* end confdefs.h.  */
| 
| int
| main ()
| {
| #ifndef __INTEL_COMPILER
|        error if not ICC
| #endif
| 
|   ;
|   return 0;
| }
configure:17139: result: no
configure:17141: checking whether we are using Sun Studio C compiler
configure:17160: gcc -c -g -O2  conftest.c >&5
conftest.c: In function 'main':
conftest.c:28:8: error: 'error' undeclared (first use in this function)
        error if not sun studio
        ^~~~~
conftest.c:28:8: note: each undeclared identifier is reported only once for each function it appears in
conftest.c:28:14: error: expected ';' before 'if'
        error if not sun studio
              ^~
configure:17160: $? = 1
configure: failed program was:
| /* confdefs.h */
| #define PACKAGE_NAME "zeromq"
| #define PACKAGE_TARNAME "zeromq"
| #define PACKAGE_VERSION "2.1.11"
| #define PACKAGE_STRING "zeromq 2.1.11"
| #define PACKAGE_BUGREPORT "zeromq-dev@lists.zeromq.org"
| #define PACKAGE_URL ""
| #define PACKAGE "zeromq"
| #define VERSION "2.1.11"
| #define STDC_HEADERS 1
| #define HAVE_SYS_TYPES_H 1
| #define HAVE_SYS_STAT_H 1
| #define HAVE_STDLIB_H 1
| #define HAVE_STRING_H 1
| #define HAVE_MEMORY_H 1
| #define HAVE_STRINGS_H 1
| #define HAVE_INTTYPES_H 1
| #define HAVE_STDINT_H 1
| #define HAVE_UNISTD_H 1
| #define HAVE_DLFCN_H 1
| #define LT_OBJDIR ".libs/"
| /* end confdefs.h.  */
| 
| int
| main ()
| {
| #if !defined(__SUNPRO_CC) && !defined(__SUNPRO_C)
|        error if not sun studio
| #endif
| 
|   ;
|   return 0;
| }
configure:17168: result: no
configure:17170: checking whether we are using clang C compiler
configure:17189: gcc -c -g -O2  conftest.c >&5
conftest.c: In function 'main':
conftest.c:28:8: error: 'error' undeclared (first use in this function)
        error if not clang
        ^~~~~
conftest.c:28:8: note: each undeclared identifier is reported only once for each function it appears in
conftest.c:28:14: error: expected ';' before 'if'
        error if not clang
              ^~
configure:17189: $? = 1
configure: failed program was:
| /* confdefs.h */
| #define PACKAGE_NAME "zeromq"
| #define PACKAGE_TARNAME "zeromq"
| #define PACKAGE_VERSION "2.1.11"
| #define PACKAGE_STRING "zeromq 2.1.11"
| #define PACKAGE_BUGREPORT "zeromq-dev@lists.zeromq.org"
| #define PACKAGE_URL ""
| #define PACKAGE "zeromq"
| #define VERSION "2.1.11"
| #define STDC_HEADERS 1
| #define HAVE_SYS_TYPES_H 1
| #define HAVE_SYS_STAT_H 1
| #define HAVE_STDLIB_H 1
| #define HAVE_STRING_H 1
| #define HAVE_MEMORY_H 1
| #define HAVE_STRINGS_H 1
| #define HAVE_INTTYPES_H 1
| #define HAVE_STDINT_H 1
| #define HAVE_UNISTD_H 1
| #define HAVE_DLFCN_H 1
| #define LT_OBJDIR ".libs/"
| /* end confdefs.h.  */
| 
| int
| main ()
| {
| #ifndef __clang__
|        error if not clang
| #endif
| 
|   ;
|   return 0;
| }
configure:17197: result: no
configure:17199: checking whether we are using gcc >= 4 C compiler
configure:17218: gcc -c -g -O2  conftest.c >&5
configure:17218: $? = 0
configure:17226: result: yes
configure:17243: checking whether the C++ compiler works
configure:17259: g++ -o conftest -g -O2   conftest.cpp  >&5
configure:17259: $? = 0
configure:17268: result: yes
configure:17276: checking whether we are using Intel C++ compiler
configure:17295: g++ -c -g -O2  conftest.cpp >&5
conftest.cpp: In function 'int main()':
conftest.cpp:28:8: error: 'error' was not declared in this scope
        error if not ICC
        ^~~~~
configure:17295: $? = 1
configure: failed program was:
| /* confdefs.h */
| #define PACKAGE_NAME "zeromq"
| #define PACKAGE_TARNAME "zeromq"
| #define PACKAGE_VERSION "2.1.11"
| #define PACKAGE_STRING "zeromq 2.1.11"
| #define PACKAGE_BUGREPORT "zeromq-dev@lists.zeromq.org"
| #define PACKAGE_URL ""
| #define PACKAGE "zeromq"
| #define VERSION "2.1.11"
| #define STDC_HEADERS 1
| #define HAVE_SYS_TYPES_H 1
| #define HAVE_SYS_STAT_H 1
| #define HAVE_STDLIB_H 1
| #define HAVE_STRING_H 1
| #define HAVE_MEMORY_H 1
| #define HAVE_STRINGS_H 1
| #define HAVE_INTTYPES_H 1
| #define HAVE_STDINT_H 1
| #define HAVE_UNISTD_H 1
| #define HAVE_DLFCN_H 1
| #define LT_OBJDIR ".libs/"
| /* end confdefs.h.  */
| 
| int
| main ()
| {
| #ifndef __INTEL_COMPILER
|        error if not ICC
| #endif
| 
|   ;
|   return 0;
| }
configure:17303: result: no
configure:17305: checking whether we are using Sun Studio C++ compiler
configure:17324: g++ -c -g -O2  conftest.cpp >&5
conftest.cpp: In function 'int main()':
conftest.cpp:28:8: error: 'error' was not declared in this scope
        error if not sun studio
        ^~~~~
configure:17324: $? = 1
configure: failed program was:
| /* confdefs.h */
| #define PACKAGE_NAME "zeromq"
| #define PACKAGE_TARNAME "zeromq"
| #define PACKAGE_VERSION "2.1.11"
| #define PACKAGE_STRING "zeromq 2.1.11"
| #define PACKAGE_BUGREPORT "zeromq-dev@lists.zeromq.org"
| #define PACKAGE_URL ""
| #define PACKAGE "zeromq"
| #define VERSION "2.1.11"
| #define STDC_HEADERS 1
| #define HAVE_SYS_TYPES_H 1
| #define HAVE_SYS_STAT_H 1
| #define HAVE_STDLIB_H 1
| #define HAVE_STRING_H 1
| #define HAVE_MEMORY_H 1
| #define HAVE_STRINGS_H 1
| #define HAVE_INTTYPES_H 1
| #define HAVE_STDINT_H 1
| #define HAVE_UNISTD_H 1
| #define HAVE_DLFCN_H 1
| #define LT_OBJDIR ".libs/"
| /* end confdefs.h.  */
| 
| int
| main ()
| {
| #if !defined(__SUNPRO_CC) && !defined(__SUNPRO_C)
|        error if not sun studio
| #endif
| 
|   ;
|   return 0;
| }
configure:17332: result: no
configure:17334: checking whether we are using clang C++ compiler
configure:17353: g++ -c -g -O2  conftest.cpp >&5
conftest.cpp: In function 'int main()':
conftest.cpp:28:8: error: 'error' was not declared in this scope
        error if not clang
        ^~~~~
configure:17353: $? = 1
configure: failed program was:
| /* confdefs.h */
| #define PACKAGE_NAME "zeromq"
| #define PACKAGE_TARNAME "zeromq"
| #define PACKAGE_VERSION "2.1.11"
| #define PACKAGE_STRING "zeromq 2.1.11"
| #define PACKAGE_BUGREPORT "zeromq-dev@lists.zeromq.org"
| #define PACKAGE_URL ""
| #define PACKAGE "zeromq"
| #define VERSION "2.1.11"
| #define STDC_HEADERS 1
| #define HAVE_SYS_TYPES_H 1
| #define HAVE_SYS_STAT_H 1
| #define HAVE_STDLIB_H 1
| #define HAVE_STRING_H 1
| #define HAVE_MEMORY_H 1
| #define HAVE_STRINGS_H 1
| #define HAVE_INTTYPES_H 1
| #define HAVE_STDINT_H 1
| #define HAVE_UNISTD_H 1
| #define HAVE_DLFCN_H 1
| #define LT_OBJDIR ".libs/"
| /* end confdefs.h.  */
| 
| int
| main ()
| {
| #ifndef __clang__
|        error if not clang
| #endif
| 
|   ;
|   return 0;
| }
configure:17361: result: no
configure:17363: checking whether we are using gcc >= 4 C++ compiler
configure:17382: g++ -c -g -O2  conftest.cpp >&5
configure:17382: $? = 0
configure:17390: result: yes
configure:17424: checking whether to enable debugging information
configure:17462: result: no
configure:17479: checking whether to enable code coverage
configure:17510: result: no
configure:17516: checking for pthread_create in -lpthread
configure:17541: gcc -o conftest -g -O2   conftest.c -lpthread   >&5
configure:17541: $? = 0
configure:17550: result: yes
configure:17590: checking for sem_init in -lrt
configure:17615: gcc -o conftest -g -O2 -D_GNU_SOURCE -D_REENTRANT -D_THREAD_SAFE   conftest.c -lrt  -lpthread  >&5
configure:17615: $? = 0
configure:17624: result: yes
configure:17635: checking for uuid_generate in -luuid
configure:17660: gcc -o conftest -g -O2 -D_GNU_SOURCE -D_REENTRANT -D_THREAD_SAFE   conftest.c -luuid  -lrt -lpthread  >&5
configure:17660: $? = 0
configure:17669: result: yes
configure:18720: checking whether C++ compiler supports -fvisibility=hidden
configure:18752: g++ -c -g -O2 -D_GNU_SOURCE -D_REENTRANT -D_THREAD_SAFE  -fvisibility=hidden conftest.cpp >&5
configure:18752: $? = 0
configure:18783: result: yes
configure:18869: checking whether C++ compiler supports dso visibility
configure:18873: result: yes
configure:19017: checking for asciidoc
configure:19033: found /usr/bin/asciidoc
configure:19045: result: yes
configure:19055: checking for xmlto
configure:19071: found /usr/bin/xmlto
configure:19083: result: yes
configure:19109: checking whether to build documentation
configure:19111: result: yes
configure:19114: checking whether to install manpages
configure:19116: result: yes
configure:19138: checking for ANSI C header files
configure:19242: result: yes
configure:19254: checking errno.h usability
configure:19254: gcc -c -g -O2 -D_GNU_SOURCE -D_REENTRANT -D_THREAD_SAFE  conftest.c >&5
configure:19254: $? = 0
configure:19254: result: yes
configure:19254: checking errno.h presence
configure:19254: gcc -E -D_GNU_SOURCE -D_REENTRANT -D_THREAD_SAFE  conftest.c
configure:19254: $? = 0
configure:19254: result: yes
configure:19254: checking for errno.h
configure:19254: result: yes
configure:19254: checking arpa/inet.h usability
configure:19254: gcc -c -g -O2 -D_GNU_SOURCE -D_REENTRANT -D_THREAD_SAFE  conftest.c >&5
configure:19254: $? = 0
configure:19254: result: yes
configure:19254: checking arpa/inet.h presence
configure:19254: gcc -E -D_GNU_SOURCE -D_REENTRANT -D_THREAD_SAFE  conftest.c
configure:19254: $? = 0
configure:19254: result: yes
configure:19254: checking for arpa/inet.h
configure:19254: result: yes
configure:19254: checking netinet/tcp.h usability
configure:19254: gcc -c -g -O2 -D_GNU_SOURCE -D_REENTRANT -D_THREAD_SAFE  conftest.c >&5
configure:19254: $? = 0
configure:19254: result: yes
configure:19254: checking netinet/tcp.h presence
configure:19254: gcc -E -D_GNU_SOURCE -D_REENTRANT -D_THREAD_SAFE  conftest.c
configure:19254: $? = 0
configure:19254: result: yes
configure:19254: checking for netinet/tcp.h
configure:19254: result: yes
configure:19254: checking netinet/in.h usability
configure:19254: gcc -c -g -O2 -D_GNU_SOURCE -D_REENTRANT -D_THREAD_SAFE  conftest.c >&5
configure:19254: $? = 0
configure:19254: result: yes
configure:19254: checking netinet/in.h presence
configure:19254: gcc -E -D_GNU_SOURCE -D_REENTRANT -D_THREAD_SAFE  conftest.c
configure:19254: $? = 0
configure:19254: result: yes
configure:19254: checking for netinet/in.h
configure:19254: result: yes
configure:19254: checking stddef.h usability
configure:19254: gcc -c -g -O2 -D_GNU_SOURCE -D_REENTRANT -D_THREAD_SAFE  conftest.c >&5
configure:19254: $? = 0
configure:19254: result: yes
configure:19254: checking stddef.h presence
configure:19254: gcc -E -D_GNU_SOURCE -D_REENTRANT -D_THREAD_SAFE  conftest.c
configure:19254: $? = 0
configure:19254: result: yes
configure:19254: checking for stddef.h
configure:19254: result: yes
configure:19254: checking for stdlib.h
configure:19254: result: yes
configure:19254: checking for string.h
configure:19254: result: yes
configure:19254: checking sys/socket.h usability
configure:19254: gcc -c -g -O2 -D_GNU_SOURCE -D_REENTRANT -D_THREAD_SAFE  conftest.c >&5
configure:19254: $? = 0
configure:19254: result: yes
configure:19254: checking sys/socket.h presence
configure:19254: gcc -E -D_GNU_SOURCE -D_REENTRANT -D_THREAD_SAFE  conftest.c
configure:19254: $? = 0
configure:19254: result: yes
configure:19254: checking for sys/socket.h
configure:19254: result: yes
configure:19254: checking sys/time.h usability
configure:19254: gcc -c -g -O2 -D_GNU_SOURCE -D_REENTRANT -D_THREAD_SAFE  conftest.c >&5
configure:19254: $? = 0
configure:19254: result: yes
configure:19254: checking sys/time.h presence
configure:19254: gcc -E -D_GNU_SOURCE -D_REENTRANT -D_THREAD_SAFE  conftest.c
configure:19254: $? = 0
configure:19254: result: yes
configure:19254: checking for sys/time.h
configure:19254: result: yes
configure:19254: checking time.h usability
configure:19254: gcc -c -g -O2 -D_GNU_SOURCE -D_REENTRANT -D_THREAD_SAFE  conftest.c >&5
configure:19254: $? = 0
configure:19254: result: yes
configure:19254: checking time.h presence
configure:19254: gcc -E -D_GNU_SOURCE -D_REENTRANT -D_THREAD_SAFE  conftest.c
configure:19254: $? = 0
configure:19254: result: yes
configure:19254: checking for time.h
configure:19254: result: yes
configure:19254: checking for unistd.h
configure:19254: result: yes
configure:19254: checking limits.h usability
configure:19254: gcc -c -g -O2 -D_GNU_SOURCE -D_REENTRANT -D_THREAD_SAFE  conftest.c >&5
configure:19254: $? = 0
configure:19254: result: yes
configure:19254: checking limits.h presence
configure:19254: gcc -E -D_GNU_SOURCE -D_REENTRANT -D_THREAD_SAFE  conftest.c
configure:19254: $? = 0
configure:19254: result: yes
configure:19254: checking for limits.h
configure:19254: result: yes
configure:19268: checking ifaddrs.h usability
configure:19268: gcc -c -g -O2 -D_GNU_SOURCE -D_REENTRANT -D_THREAD_SAFE  conftest.c >&5
configure:19268: $? = 0
configure:19268: result: yes
configure:19268: checking ifaddrs.h presence
configure:19268: gcc -E -D_GNU_SOURCE -D_REENTRANT -D_THREAD_SAFE  conftest.c
configure:19268: $? = 0
configure:19268: result: yes
configure:19268: checking for ifaddrs.h
configure:19268: result: yes
configure:19289: checking for stdbool.h that conforms to C99
configure:19356: g++ -c -g -O2 -D_GNU_SOURCE -D_REENTRANT -D_THREAD_SAFE  conftest.cpp >&5
conftest.cpp:45:15: error: expected unqualified-id before string constant
               "error: bool is not defined"
               ^~~~~~~~~~~~~~~~~~~~~~~~~~~~
conftest.cpp:63:48: error: 's' does not name a type
              struct s { _Bool s: 1; _Bool t; } s;
                                                ^
conftest.cpp:73:28: error: 's' was not declared in this scope
              char i[sizeof s.t];
                            ^
conftest.cpp: In function 'int main()':
conftest.cpp:91:24: error: 's' was not declared in this scope
              bool e = &s;
                        ^
conftest.cpp:95:63: error: 'i' was not declared in this scope
              return (!a + !b + !c + !d + !e + !f + !g + !h + !i + !!j + !k + !!l
                                                               ^
configure:19356: $? = 1
configure: failed program was:
| /* confdefs.h */
| #define PACKAGE_NAME "zeromq"
| #define PACKAGE_TARNAME "zeromq"
| #define PACKAGE_VERSION "2.1.11"
| #define PACKAGE_STRING "zeromq 2.1.11"
| #define PACKAGE_BUGREPORT "zeromq-dev@lists.zeromq.org"
| #define PACKAGE_URL ""
| #define PACKAGE "zeromq"
| #define VERSION "2.1.11"
| #define STDC_HEADERS 1
| #define HAVE_SYS_TYPES_H 1
| #define HAVE_SYS_STAT_H 1
| #define HAVE_STDLIB_H 1
| #define HAVE_STRING_H 1
| #define HAVE_MEMORY_H 1
| #define HAVE_STRINGS_H 1
| #define HAVE_INTTYPES_H 1
| #define HAVE_STDINT_H 1
| #define HAVE_UNISTD_H 1
| #define HAVE_DLFCN_H 1
| #define LT_OBJDIR ".libs/"
| #define HAVE_LIBPTHREAD 1
| #define ZMQ_HAVE_LINUX 1
| #define HAVE_LIBRT 1
| #define HAVE_LIBUUID 1
| #define STDC_HEADERS 1
| #define HAVE_ERRNO_H 1
| #define HAVE_ARPA_INET_H 1
| #define HAVE_NETINET_TCP_H 1
| #define HAVE_NETINET_IN_H 1
| #define HAVE_STDDEF_H 1
| #define HAVE_STDLIB_H 1
| #define HAVE_STRING_H 1
| #define HAVE_SYS_SOCKET_H 1
| #define HAVE_SYS_TIME_H 1
| #define HAVE_TIME_H 1
| #define HAVE_UNISTD_H 1
| #define HAVE_LIMITS_H 1
| #define HAVE_IFADDRS_H 1
| #define ZMQ_HAVE_IFADDRS 1
| /* end confdefs.h.  */
| 
|              #include <stdbool.h>
|              #ifndef bool
|               "error: bool is not defined"
|              #endif
|              #ifndef false
|               "error: false is not defined"
|              #endif
|              #if false
|               "error: false is not 0"
|              #endif
|              #ifndef true
|               "error: true is not defined"
|              #endif
|              #if true != 1
|               "error: true is not 1"
|              #endif
|              #ifndef __bool_true_false_are_defined
|               "error: __bool_true_false_are_defined is not defined"
|              #endif
| 
|              struct s { _Bool s: 1; _Bool t; } s;
| 
|              char a[true == 1 ? 1 : -1];
|              char b[false == 0 ? 1 : -1];
|              char c[__bool_true_false_are_defined == 1 ? 1 : -1];
|              char d[(bool) 0.5 == true ? 1 : -1];
|              /* See body of main program for 'e'.  */
|              char f[(_Bool) 0.0 == false ? 1 : -1];
|              char g[true];
|              char h[sizeof (_Bool)];
|              char i[sizeof s.t];
|              enum { j = false, k = true, l = false * true, m = true * 256 };
|              /* The following fails for
|                 HP aC++/ANSI C B3910B A.05.55 [Dec 04 2003]. */
|              _Bool n[m];
|              char o[sizeof n == m * sizeof n[0] ? 1 : -1];
|              char p[-1 - (_Bool) 0 < 0 && -1 - (bool) 0 < 0 ? 1 : -1];
|              /* Catch a bug in an HP-UX C compiler.  See
|                 http://gcc.gnu.org/ml/gcc-patches/2003-12/msg02303.html
|                 http://lists.gnu.org/archive/html/bug-coreutils/2005-11/msg00161.html
|               */
|              _Bool q = true;
|              _Bool *pq = &q;
| 
| int
| main ()
| {
| 
|              bool e = &s;
|              *pq |= q;
|              *pq |= ! q;
|              /* Refer to every declared value, to avoid compiler optimizations.  */
|              return (!a + !b + !c + !d + !e + !f + !g + !h + !i + !!j + !k + !!l
|                      + !m + !n + !o + !p + !q + !pq);
| 
|   ;
|   return 0;
| }
configure:19363: result: no
configure:19365: checking for _Bool
configure:19365: g++ -c -g -O2 -D_GNU_SOURCE -D_REENTRANT -D_THREAD_SAFE  conftest.cpp >&5
conftest.cpp: In function 'int main()':
conftest.cpp:78:13: error: '_Bool' was not declared in this scope
 if (sizeof (_Bool))
             ^~~~~
conftest.cpp:78:13: note: suggested alternative: 'bool'
 if (sizeof (_Bool))
             ^~~~~
             bool
configure:19365: $? = 1
configure: failed program was:
| /* confdefs.h */
| #define PACKAGE_NAME "zeromq"
| #define PACKAGE_TARNAME "zeromq"
| #define PACKAGE_VERSION "2.1.11"
| #define PACKAGE_STRING "zeromq 2.1.11"
| #define PACKAGE_BUGREPORT "zeromq-dev@lists.zeromq.org"
| #define PACKAGE_URL ""
| #define PACKAGE "zeromq"
| #define VERSION "2.1.11"
| #define STDC_HEADERS 1
| #define HAVE_SYS_TYPES_H 1
| #define HAVE_SYS_STAT_H 1
| #define HAVE_STDLIB_H 1
| #define HAVE_STRING_H 1
| #define HAVE_MEMORY_H 1
| #define HAVE_STRINGS_H 1
| #define HAVE_INTTYPES_H 1
| #define HAVE_STDINT_H 1
| #define HAVE_UNISTD_H 1
| #define HAVE_DLFCN_H 1
| #define LT_OBJDIR ".libs/"
| #define HAVE_LIBPTHREAD 1
| #define ZMQ_HAVE_LINUX 1
| #define HAVE_LIBRT 1
| #define HAVE_LIBUUID 1
| #define STDC_HEADERS 1
| #define HAVE_ERRNO_H 1
| #define HAVE_ARPA_INET_H 1
| #define HAVE_NETINET_TCP_H 1
| #define HAVE_NETINET_IN_H 1
| #define HAVE_STDDEF_H 1
| #define HAVE_STDLIB_H 1
| #define HAVE_STRING_H 1
| #define HAVE_SYS_SOCKET_H 1
| #define HAVE_SYS_TIME_H 1
| #define HAVE_TIME_H 1
| #define HAVE_UNISTD_H 1
| #define HAVE_LIMITS_H 1
| #define HAVE_IFADDRS_H 1
| #define ZMQ_HAVE_IFADDRS 1
| /* end confdefs.h.  */
| #include <stdio.h>
| #ifdef HAVE_SYS_TYPES_H
| # include <sys/types.h>
| #endif
| #ifdef HAVE_SYS_STAT_H
| # include <sys/stat.h>
| #endif
| #ifdef STDC_HEADERS
| # include <stdlib.h>
| # include <stddef.h>
| #else
| # ifdef HAVE_STDLIB_H
| #  include <stdlib.h>
| # endif
| #endif
| #ifdef HAVE_STRING_H
| # if !defined STDC_HEADERS && defined HAVE_MEMORY_H
| #  include <memory.h>
| # endif
| # include <string.h>
| #endif
| #ifdef HAVE_STRINGS_H
| # include <strings.h>
| #endif
| #ifdef HAVE_INTTYPES_H
| # include <inttypes.h>
| #endif
| #ifdef HAVE_STDINT_H
| # include <stdint.h>
| #endif
| #ifdef HAVE_UNISTD_H
| # include <unistd.h>
| #endif
| int
| main ()
| {
| if (sizeof (_Bool))
| 	 return 0;
|   ;
|   return 0;
| }
configure:19365: result: no
configure:19382: checking for an ANSI C-conforming const
configure:19448: g++ -c -g -O2 -D_GNU_SOURCE -D_REENTRANT -D_THREAD_SAFE  conftest.cpp >&5
configure:19448: $? = 0
configure:19455: result: yes
configure:19463: checking for inline
configure:19479: g++ -c -g -O2 -D_GNU_SOURCE -D_REENTRANT -D_THREAD_SAFE  conftest.cpp >&5
configure:19479: $? = 0
configure:19487: result: inline
configure:19554: checking for size_t
configure:19554: g++ -c -g -O2 -D_GNU_SOURCE -D_REENTRANT -D_THREAD_SAFE  conftest.cpp >&5
configure:19554: $? = 0
configure:19554: g++ -c -g -O2 -D_GNU_SOURCE -D_REENTRANT -D_THREAD_SAFE  conftest.cpp >&5
conftest.cpp: In function 'int main()':
conftest.cpp:78:20: error: expected primary-expression before ')' token
 if (sizeof ((size_t)))
                    ^
configure:19554: $? = 1
configure: failed program was:
| /* confdefs.h */
| #define PACKAGE_NAME "zeromq"
| #define PACKAGE_TARNAME "zeromq"
| #define PACKAGE_VERSION "2.1.11"
| #define PACKAGE_STRING "zeromq 2.1.11"
| #define PACKAGE_BUGREPORT "zeromq-dev@lists.zeromq.org"
| #define PACKAGE_URL ""
| #define PACKAGE "zeromq"
| #define VERSION "2.1.11"
| #define STDC_HEADERS 1
| #define HAVE_SYS_TYPES_H 1
| #define HAVE_SYS_STAT_H 1
| #define HAVE_STDLIB_H 1
| #define HAVE_STRING_H 1
| #define HAVE_MEMORY_H 1
| #define HAVE_STRINGS_H 1
| #define HAVE_INTTYPES_H 1
| #define HAVE_STDINT_H 1
| #define HAVE_UNISTD_H 1
| #define HAVE_DLFCN_H 1
| #define LT_OBJDIR ".libs/"
| #define HAVE_LIBPTHREAD 1
| #define ZMQ_HAVE_LINUX 1
| #define HAVE_LIBRT 1
| #define HAVE_LIBUUID 1
| #define STDC_HEADERS 1
| #define HAVE_ERRNO_H 1
| #define HAVE_ARPA_INET_H 1
| #define HAVE_NETINET_TCP_H 1
| #define HAVE_NETINET_IN_H 1
| #define HAVE_STDDEF_H 1
| #define HAVE_STDLIB_H 1
| #define HAVE_STRING_H 1
| #define HAVE_SYS_SOCKET_H 1
| #define HAVE_SYS_TIME_H 1
| #define HAVE_TIME_H 1
| #define HAVE_UNISTD_H 1
| #define HAVE_LIMITS_H 1
| #define HAVE_IFADDRS_H 1
| #define ZMQ_HAVE_IFADDRS 1
| /* end confdefs.h.  */
| #include <stdio.h>
| #ifdef HAVE_SYS_TYPES_H
| # include <sys/types.h>
| #endif
| #ifdef HAVE_SYS_STAT_H
| # include <sys/stat.h>
| #endif
| #ifdef STDC_HEADERS
| # include <stdlib.h>
| # include <stddef.h>
| #else
| # ifdef HAVE_STDLIB_H
| #  include <stdlib.h>
| # endif
| #endif
| #ifdef HAVE_STRING_H
| # if !defined STDC_HEADERS && defined HAVE_MEMORY_H
| #  include <memory.h>
| # endif
| # include <string.h>
| #endif
| #ifdef HAVE_STRINGS_H
| # include <strings.h>
| #endif
| #ifdef HAVE_INTTYPES_H
| # include <inttypes.h>
| #endif
| #ifdef HAVE_STDINT_H
| # include <stdint.h>
| #endif
| #ifdef HAVE_UNISTD_H
| # include <unistd.h>
| #endif
| int
| main ()
| {
| if (sizeof ((size_t)))
| 	    return 0;
|   ;
|   return 0;
| }
configure:19554: result: yes
configure:19565: checking for ssize_t
configure:19565: g++ -c -g -O2 -D_GNU_SOURCE -D_REENTRANT -D_THREAD_SAFE  conftest.cpp >&5
configure:19565: $? = 0
configure:19565: g++ -c -g -O2 -D_GNU_SOURCE -D_REENTRANT -D_THREAD_SAFE  conftest.cpp >&5
conftest.cpp: In function 'int main()':
conftest.cpp:78:21: error: expected primary-expression before ')' token
 if (sizeof ((ssize_t)))
                     ^
configure:19565: $? = 1
configure: failed program was:
| /* confdefs.h */
| #define PACKAGE_NAME "zeromq"
| #define PACKAGE_TARNAME "zeromq"
| #define PACKAGE_VERSION "2.1.11"
| #define PACKAGE_STRING "zeromq 2.1.11"
| #define PACKAGE_BUGREPORT "zeromq-dev@lists.zeromq.org"
| #define PACKAGE_URL ""
| #define PACKAGE "zeromq"
| #define VERSION "2.1.11"
| #define STDC_HEADERS 1
| #define HAVE_SYS_TYPES_H 1
| #define HAVE_SYS_STAT_H 1
| #define HAVE_STDLIB_H 1
| #define HAVE_STRING_H 1
| #define HAVE_MEMORY_H 1
| #define HAVE_STRINGS_H 1
| #define HAVE_INTTYPES_H 1
| #define HAVE_STDINT_H 1
| #define HAVE_UNISTD_H 1
| #define HAVE_DLFCN_H 1
| #define LT_OBJDIR ".libs/"
| #define HAVE_LIBPTHREAD 1
| #define ZMQ_HAVE_LINUX 1
| #define HAVE_LIBRT 1
| #define HAVE_LIBUUID 1
| #define STDC_HEADERS 1
| #define HAVE_ERRNO_H 1
| #define HAVE_ARPA_INET_H 1
| #define HAVE_NETINET_TCP_H 1
| #define HAVE_NETINET_IN_H 1
| #define HAVE_STDDEF_H 1
| #define HAVE_STDLIB_H 1
| #define HAVE_STRING_H 1
| #define HAVE_SYS_SOCKET_H 1
| #define HAVE_SYS_TIME_H 1
| #define HAVE_TIME_H 1
| #define HAVE_UNISTD_H 1
| #define HAVE_LIMITS_H 1
| #define HAVE_IFADDRS_H 1
| #define ZMQ_HAVE_IFADDRS 1
| /* end confdefs.h.  */
| #include <stdio.h>
| #ifdef HAVE_SYS_TYPES_H
| # include <sys/types.h>
| #endif
| #ifdef HAVE_SYS_STAT_H
| # include <sys/stat.h>
| #endif
| #ifdef STDC_HEADERS
| # include <stdlib.h>
| # include <stddef.h>
| #else
| # ifdef HAVE_STDLIB_H
| #  include <stdlib.h>
| # endif
| #endif
| #ifdef HAVE_STRING_H
| # if !defined STDC_HEADERS && defined HAVE_MEMORY_H
| #  include <memory.h>
| # endif
| # include <string.h>
| #endif
| #ifdef HAVE_STRINGS_H
| # include <strings.h>
| #endif
| #ifdef HAVE_INTTYPES_H
| # include <inttypes.h>
| #endif
| #ifdef HAVE_STDINT_H
| # include <stdint.h>
| #endif
| #ifdef HAVE_UNISTD_H
| # include <unistd.h>
| #endif
| int
| main ()
| {
| if (sizeof ((ssize_t)))
| 	    return 0;
|   ;
|   return 0;
| }
configure:19565: result: yes
configure:19577: checking whether time.h and sys/time.h may both be included
configure:19597: g++ -c -g -O2 -D_GNU_SOURCE -D_REENTRANT -D_THREAD_SAFE  conftest.cpp >&5
configure:19597: $? = 0
configure:19604: result: yes
configure:19612: checking for uint32_t
configure:19612: g++ -c -g -O2 -D_GNU_SOURCE -D_REENTRANT -D_THREAD_SAFE  conftest.cpp >&5
configure:19612: $? = 0
configure:19612: result: yes
configure:19626: checking for working volatile
configure:19645: g++ -c -g -O2 -D_GNU_SOURCE -D_REENTRANT -D_THREAD_SAFE  conftest.cpp >&5
configure:19645: $? = 0
configure:19652: result: yes
configure:20156: checking how to enable additional warnings for C++ compiler
configure:20191: result: -Wall
configure:20203: checking how to turn warnings to errors in C++ compiler
configure:20234: result: -Werror
configure:20247: checking how to enable strict standards compliance in C++ compiler
configure:20282: result: -pedantic
configure:20317: checking return type of signal handlers
configure:20335: g++ -c -g -O2 -pedantic -Werror -Wall -D_GNU_SOURCE -D_REENTRANT -D_THREAD_SAFE  conftest.cpp >&5
conftest.cpp: In function 'int main()':
conftest.cpp:49:25: error: void value not ignored as it ought to be
 return *(signal (0, 0)) (0) == 1;
         ~~~~~~~~~~~~~~~~^~~
configure:20335: $? = 1
configure: failed program was:
| /* confdefs.h */
| #define PACKAGE_NAME "zeromq"
| #define PACKAGE_TARNAME "zeromq"
| #define PACKAGE_VERSION "2.1.11"
| #define PACKAGE_STRING "zeromq 2.1.11"
| #define PACKAGE_BUGREPORT "zeromq-dev@lists.zeromq.org"
| #define PACKAGE_URL ""
| #define PACKAGE "zeromq"
| #define VERSION "2.1.11"
| #define STDC_HEADERS 1
| #define HAVE_SYS_TYPES_H 1
| #define HAVE_SYS_STAT_H 1
| #define HAVE_STDLIB_H 1
| #define HAVE_STRING_H 1
| #define HAVE_MEMORY_H 1
| #define HAVE_STRINGS_H 1
| #define HAVE_INTTYPES_H 1
| #define HAVE_STDINT_H 1
| #define HAVE_UNISTD_H 1
| #define HAVE_DLFCN_H 1
| #define LT_OBJDIR ".libs/"
| #define HAVE_LIBPTHREAD 1
| #define ZMQ_HAVE_LINUX 1
| #define HAVE_LIBRT 1
| #define HAVE_LIBUUID 1
| #define STDC_HEADERS 1
| #define HAVE_ERRNO_H 1
| #define HAVE_ARPA_INET_H 1
| #define HAVE_NETINET_TCP_H 1
| #define HAVE_NETINET_IN_H 1
| #define HAVE_STDDEF_H 1
| #define HAVE_STDLIB_H 1
| #define HAVE_STRING_H 1
| #define HAVE_SYS_SOCKET_H 1
| #define HAVE_SYS_TIME_H 1
| #define HAVE_TIME_H 1
| #define HAVE_UNISTD_H 1
| #define HAVE_LIMITS_H 1
| #define HAVE_IFADDRS_H 1
| #define ZMQ_HAVE_IFADDRS 1
| #define TIME_WITH_SYS_TIME 1
| /* end confdefs.h.  */
| #include <sys/types.h>
| #include <signal.h>
| 
| int
| main ()
| {
| return *(signal (0, 0)) (0) == 1;
|   ;
|   return 0;
| }
configure:20342: result: void
configure:20353: checking for perror
configure:20353: g++ -o conftest -g -O2 -pedantic -Werror -Wall -D_GNU_SOURCE -D_REENTRANT -D_THREAD_SAFE   conftest.cpp -luuid -lrt -lpthread  >&5
configure:20353: $? = 0
configure:20353: result: yes
configure:20353: checking for gettimeofday
configure:20353: g++ -o conftest -g -O2 -pedantic -Werror -Wall -D_GNU_SOURCE -D_REENTRANT -D_THREAD_SAFE   conftest.cpp -luuid -lrt -lpthread  >&5
configure:20353: $? = 0
configure:20353: result: yes
configure:20353: checking for clock_gettime
configure:20353: g++ -o conftest -g -O2 -pedantic -Werror -Wall -D_GNU_SOURCE -D_REENTRANT -D_THREAD_SAFE   conftest.cpp -luuid -lrt -lpthread  >&5
configure:20353: $? = 0
configure:20353: result: yes
configure:20353: checking for memset
configure:20353: g++ -o conftest -g -O2 -pedantic -Werror -Wall -D_GNU_SOURCE -D_REENTRANT -D_THREAD_SAFE   conftest.cpp -luuid -lrt -lpthread  >&5
conftest.cpp:70:6: error: declaration of 'char memset()' conflicts with built-in declaration 'void* memset(void*, int, long unsigned int)' [-Werror=builtin-declaration-mismatch]
 char memset ();
      ^~~~~~
cc1plus: all warnings being treated as errors
configure:20353: $? = 1
configure: failed program was:
| /* confdefs.h */
| #define PACKAGE_NAME "zeromq"
| #define PACKAGE_TARNAME "zeromq"
| #define PACKAGE_VERSION "2.1.11"
| #define PACKAGE_STRING "zeromq 2.1.11"
| #define PACKAGE_BUGREPORT "zeromq-dev@lists.zeromq.org"
| #define PACKAGE_URL ""
| #define PACKAGE "zeromq"
| #define VERSION "2.1.11"
| #define STDC_HEADERS 1
| #define HAVE_SYS_TYPES_H 1
| #define HAVE_SYS_STAT_H 1
| #define HAVE_STDLIB_H 1
| #define HAVE_STRING_H 1
| #define HAVE_MEMORY_H 1
| #define HAVE_STRINGS_H 1
| #define HAVE_INTTYPES_H 1
| #define HAVE_STDINT_H 1
| #define HAVE_UNISTD_H 1
| #define HAVE_DLFCN_H 1
| #define LT_OBJDIR ".libs/"
| #define HAVE_LIBPTHREAD 1
| #define ZMQ_HAVE_LINUX 1
| #define HAVE_LIBRT 1
| #define HAVE_LIBUUID 1
| #define STDC_HEADERS 1
| #define HAVE_ERRNO_H 1
| #define HAVE_ARPA_INET_H 1
| #define HAVE_NETINET_TCP_H 1
| #define HAVE_NETINET_IN_H 1
| #define HAVE_STDDEF_H 1
| #define HAVE_STDLIB_H 1
| #define HAVE_STRING_H 1
| #define HAVE_SYS_SOCKET_H 1
| #define HAVE_SYS_TIME_H 1
| #define HAVE_TIME_H 1
| #define HAVE_UNISTD_H 1
| #define HAVE_LIMITS_H 1
| #define HAVE_IFADDRS_H 1
| #define ZMQ_HAVE_IFADDRS 1
| #define TIME_WITH_SYS_TIME 1
| #define RETSIGTYPE void
| #define HAVE_PERROR 1
| #define HAVE_GETTIMEOFDAY 1
| #define HAVE_CLOCK_GETTIME 1
| /* end confdefs.h.  */
| /* Define memset to an innocuous variant, in case <limits.h> declares memset.
|    For example, HP-UX 11i <limits.h> declares gettimeofday.  */
| #define memset innocuous_memset
| 
| /* System header to define __stub macros and hopefully few prototypes,
|     which can conflict with char memset (); below.
|     Prefer <limits.h> to <assert.h> if __STDC__ is defined, since
|     <limits.h> exists even on freestanding compilers.  */
| 
| #ifdef __STDC__
| # include <limits.h>
| #else
| # include <assert.h>
| #endif
| 
| #undef memset
| 
| /* Override any GCC internal prototype to avoid an error.
|    Use char because int might match the return type of a GCC
|    builtin and then its argument prototype would still apply.  */
| #ifdef __cplusplus
| extern "C"
| #endif
| char memset ();
| /* The GNU C library defines this for functions which it implements
|     to always fail with ENOSYS.  Some functions are actually named
|     something starting with __ and the normal name is an alias.  */
| #if defined __stub_memset || defined __stub___memset
| choke me
| #endif
| 
| int
| main ()
| {
| return memset ();
|   ;
|   return 0;
| }
configure:20353: result: no
configure:20353: checking for socket
configure:20353: g++ -o conftest -g -O2 -pedantic -Werror -Wall -D_GNU_SOURCE -D_REENTRANT -D_THREAD_SAFE   conftest.cpp -luuid -lrt -lpthread  >&5
configure:20353: $? = 0
configure:20353: result: yes
configure:20353: checking for getifaddrs
configure:20353: g++ -o conftest -g -O2 -pedantic -Werror -Wall -D_GNU_SOURCE -D_REENTRANT -D_THREAD_SAFE   conftest.cpp -luuid -lrt -lpthread  >&5
configure:20353: $? = 0
configure:20353: result: yes
configure:20353: checking for freeifaddrs
configure:20353: g++ -o conftest -g -O2 -pedantic -Werror -Wall -D_GNU_SOURCE -D_REENTRANT -D_THREAD_SAFE   conftest.cpp -luuid -lrt -lpthread  >&5
configure:20353: $? = 0
configure:20353: result: yes
configure:20365: checking alloca.h usability
configure:20365: g++ -c -g -O2 -pedantic -Werror -Wall -D_GNU_SOURCE -D_REENTRANT -D_THREAD_SAFE  conftest.cpp >&5
configure:20365: $? = 0
configure:20365: result: yes
configure:20365: checking alloca.h presence
configure:20365: g++ -E -pedantic -Werror -Wall -D_GNU_SOURCE -D_REENTRANT -D_THREAD_SAFE  conftest.cpp
configure:20365: $? = 0
configure:20365: result: yes
configure:20365: checking for alloca.h
configure:20365: result: yes
configure:20376: checking whether SOCK_CLOEXEC is supported
configure:20396: g++ -o conftest -g -O2 -pedantic -Werror -Wall -D_GNU_SOURCE -D_REENTRANT -D_THREAD_SAFE   conftest.cpp -luuid -lrt -lpthread  >&5
configure:20396: $? = 0
configure:20396: ./conftest
configure:20396: $? = 0
configure:20397: result: yes
configure:20527: checking that generated files are newer than configure
configure:20533: result: done
configure:20576: creating ./config.status

## ---------------------- ##
## Running config.status. ##
## ---------------------- ##

This file was extended by zeromq config.status 2.1.11, which was
generated by GNU Autoconf 2.69.  Invocation command line was

  CONFIG_FILES    = 
  CONFIG_HEADERS  = 
  CONFIG_LINKS    = 
  CONFIG_COMMANDS = 
  $ ./config.status 

on rolis-ds-0

config.status:1211: creating Makefile
config.status:1211: creating src/Makefile
config.status:1211: creating doc/Makefile
config.status:1211: creating perf/Makefile
config.status:1211: creating src/libzmq.pc
config.status:1211: creating builds/msvc/Makefile
config.status:1211: creating tests/Makefile
config.status:1211: creating foreign/openpgm/Makefile
config.status:1211: creating builds/redhat/zeromq.spec
config.status:1211: creating src/platform.hpp
config.status:1425: executing depfiles commands
config.status:1425: executing libtool commands

## ---------------- ##
## Cache variables. ##
## ---------------- ##

ac_cv_build=x86_64-pc-linux-gnu
ac_cv_c_compiler_gnu=yes
ac_cv_c_const=yes
ac_cv_c_inline=inline
ac_cv_c_uint32_t=yes
ac_cv_c_volatile=yes
ac_cv_cxx_compiler_gnu=yes
ac_cv_env_ASCIIDOC_set=
ac_cv_env_ASCIIDOC_value=
ac_cv_env_CCC_set=
ac_cv_env_CCC_value=
ac_cv_env_CC_set=
ac_cv_env_CC_value=
ac_cv_env_CFLAGS_set=
ac_cv_env_CFLAGS_value=
ac_cv_env_CPPFLAGS_set=
ac_cv_env_CPPFLAGS_value=
ac_cv_env_CPP_set=
ac_cv_env_CPP_value=
ac_cv_env_CXXCPP_set=
ac_cv_env_CXXCPP_value=
ac_cv_env_CXXFLAGS_set=
ac_cv_env_CXXFLAGS_value=
ac_cv_env_CXX_set=
ac_cv_env_CXX_value=
ac_cv_env_LDFLAGS_set=
ac_cv_env_LDFLAGS_value=
ac_cv_env_LIBS_set=
ac_cv_env_LIBS_value=
ac_cv_env_LT_SYS_LIBRARY_PATH_set=
ac_cv_env_LT_SYS_LIBRARY_PATH_value=
ac_cv_env_OpenPGM_CFLAGS_set=
ac_cv_env_OpenPGM_CFLAGS_value=
ac_cv_env_OpenPGM_LIBS_set=
ac_cv_env_OpenPGM_LIBS_value=
ac_cv_env_PKG_CONFIG_LIBDIR_set=
ac_cv_env_PKG_CONFIG_LIBDIR_value=
ac_cv_env_PKG_CONFIG_PATH_set=
ac_cv_env_PKG_CONFIG_PATH_value=
ac_cv_env_PKG_CONFIG_set=
ac_cv_env_PKG_CONFIG_value=
ac_cv_env_XMLTO_set=
ac_cv_env_XMLTO_value=
ac_cv_env_build_alias_set=
ac_cv_env_build_alias_value=
ac_cv_env_host_alias_set=
ac_cv_env_host_alias_value=
ac_cv_env_target_alias_set=
ac_cv_env_target_alias_value=
ac_cv_func_clock_gettime=yes
ac_cv_func_freeifaddrs=yes
ac_cv_func_getifaddrs=yes
ac_cv_func_gettimeofday=yes
ac_cv_func_memset=no
ac_cv_func_perror=yes
ac_cv_func_socket=yes
ac_cv_header_alloca_h=yes
ac_cv_header_arpa_inet_h=yes
ac_cv_header_dlfcn_h=yes
ac_cv_header_errno_h=yes
ac_cv_header_ifaddrs_h=yes
ac_cv_header_inttypes_h=yes
ac_cv_header_limits_h=yes
ac_cv_header_memory_h=yes
ac_cv_header_netinet_in_h=yes
ac_cv_header_netinet_tcp_h=yes
ac_cv_header_stdbool_h=no
ac_cv_header_stdc=yes
ac_cv_header_stddef_h=yes
ac_cv_header_stdint_h=yes
ac_cv_header_stdlib_h=yes
ac_cv_header_string_h=yes
ac_cv_header_strings_h=yes
ac_cv_header_sys_socket_h=yes
ac_cv_header_sys_stat_h=yes
ac_cv_header_sys_time_h=yes
ac_cv_header_sys_types_h=yes
ac_cv_header_time=yes
ac_cv_header_time_h=yes
ac_cv_header_unistd_h=yes
ac_cv_host=x86_64-pc-linux-gnu
ac_cv_lib_pthread_pthread_create=yes
ac_cv_lib_rt_sem_init=yes
ac_cv_lib_uuid_uuid_generate=yes
ac_cv_objext=o
ac_cv_path_ASCIIDOC=/usr/bin/asciidoc
ac_cv_path_EGREP='/bin/grep -E'
ac_cv_path_FGREP='/bin/grep -F'
ac_cv_path_GREP=/bin/grep
ac_cv_path_SED=/bin/sed
ac_cv_path_XMLTO=/usr/bin/xmlto
ac_cv_path_install='/usr/bin/install -c'
ac_cv_path_lt_DD=/bin/dd
ac_cv_path_mkdir=/bin/mkdir
ac_cv_prog_AWK=gawk
ac_cv_prog_CPP='gcc -E'
ac_cv_prog_CXXCPP='g++ -E'
ac_cv_prog_ac_ct_AR=ar
ac_cv_prog_ac_ct_CC=gcc
ac_cv_prog_ac_ct_CXX=g++
ac_cv_prog_ac_ct_DLLTOOL=dlltool
ac_cv_prog_ac_ct_MANIFEST_TOOL=mt
ac_cv_prog_ac_ct_OBJDUMP=objdump
ac_cv_prog_ac_ct_RANLIB=ranlib
ac_cv_prog_ac_ct_STRIP=strip
ac_cv_prog_cc_c89=
ac_cv_prog_cc_c99=
ac_cv_prog_cc_g=yes
ac_cv_prog_cxx_g=yes
ac_cv_prog_libzmq_have_asciidoc=yes
ac_cv_prog_libzmq_have_xmlto=yes
ac_cv_prog_make_make_set=yes
ac_cv_type__Bool=no
ac_cv_type_signal=void
ac_cv_type_size_t=yes
ac_cv_type_ssize_t=yes
am_cv_CC_dependencies_compiler_type=gcc3
am_cv_CXX_dependencies_compiler_type=gcc3
am_cv_make_support_nested_variables=yes
am_cv_prog_cc_c_o=yes
am_cv_prog_tar_ustar=gnutar
libzmq_cv_c_clang_compiler=no
libzmq_cv_c_compiler_works=yes
libzmq_cv_c_gcc4_compiler=yes
libzmq_cv_c_intel_compiler=no
libzmq_cv_c_sun_studio_compiler=no
libzmq_cv_check_lang_flag_save_CPPFLAGS='-D_GNU_SOURCE -D_REENTRANT -D_THREAD_SAFE '
libzmq_cv_cxx_clang_compiler=no
libzmq_cv_cxx_compiler_works=yes
libzmq_cv_cxx_gcc4_compiler=yes
libzmq_cv_cxx_intel_compiler=no
libzmq_cv_cxx_strict_flag=-pedantic
libzmq_cv_cxx_sun_studio_compiler=no
libzmq_cv_cxx_supports_flag__fvisibility_hidden=yes
libzmq_cv_cxx_visibility_flag=-fvisibility=hidden
libzmq_cv_cxx_wall_flag=-Wall
libzmq_cv_cxx_werror_flag=-Werror
libzmq_cv_cxx_werror_flag_save=
libzmq_cv_sock_cloexec=yes
lt_cv_ar_at_file=@
lt_cv_archive_cmds_need_lc=no
lt_cv_deplibs_check_method=pass_all
lt_cv_file_magic_cmd='$MAGIC_CMD'
lt_cv_file_magic_test_file=
lt_cv_ld_reload_flag=-r
lt_cv_nm_interface='BSD nm'
lt_cv_objdir=.libs
lt_cv_path_LD=/usr/bin/ld
lt_cv_path_LDCXX='/usr/bin/ld -m elf_x86_64'
lt_cv_path_NM='/usr/bin/nm -B'
lt_cv_path_mainfest_tool=no
lt_cv_prog_compiler_c_o=yes
lt_cv_prog_compiler_c_o_CXX=yes
lt_cv_prog_compiler_pic='-fPIC -DPIC'
lt_cv_prog_compiler_pic_CXX='-fPIC -DPIC'
lt_cv_prog_compiler_pic_works=yes
lt_cv_prog_compiler_pic_works_CXX=yes
lt_cv_prog_compiler_rtti_exceptions=no
lt_cv_prog_compiler_static_works=yes
lt_cv_prog_compiler_static_works_CXX=yes
lt_cv_prog_gnu_ld=yes
lt_cv_prog_gnu_ldcxx=yes
lt_cv_sharedlib_from_linklib_cmd='printf %s\n'
lt_cv_shlibpath_overrides_runpath=yes
lt_cv_sys_global_symbol_pipe='sed -n -e '\''s/^.*[	 ]\([ABCDGIRSTW][ABCDGIRSTW]*\)[	 ][	 ]*\([_A-Za-z][_A-Za-z0-9]*\)$/\1 \2 \2/p'\'' | sed '\''/ __gnu_lto/d'\'''
lt_cv_sys_global_symbol_to_c_name_address='sed -n -e '\''s/^: \(.*\) .*$/  {"\1", (void *) 0},/p'\'' -e '\''s/^[ABCDGIRSTW][ABCDGIRSTW]* .* \(.*\)$/  {"\1", (void *) \&\1},/p'\'''
lt_cv_sys_global_symbol_to_c_name_address_lib_prefix='sed -n -e '\''s/^: \(.*\) .*$/  {"\1", (void *) 0},/p'\'' -e '\''s/^[ABCDGIRSTW][ABCDGIRSTW]* .* \(lib.*\)$/  {"\1", (void *) \&\1},/p'\'' -e '\''s/^[ABCDGIRSTW][ABCDGIRSTW]* .* \(.*\)$/  {"lib\1", (void *) \&\1},/p'\'''
lt_cv_sys_global_symbol_to_cdecl='sed -n -e '\''s/^T .* \(.*\)$/extern int \1();/p'\'' -e '\''s/^[ABCDGIRSTW][ABCDGIRSTW]* .* \(.*\)$/extern char \1;/p'\'''
lt_cv_sys_global_symbol_to_import=
lt_cv_sys_max_cmd_len=1572864
lt_cv_to_host_file_cmd=func_convert_file_noop
lt_cv_to_tool_file_cmd=func_convert_file_noop
lt_cv_truncate_bin='/bin/dd bs=4096 count=1'

## ----------------- ##
## Output variables. ##
## ----------------- ##

ACLOCAL='${SHELL} /home/azureuser/calvin/ext/zeromq/config/missing aclocal-1.15'
AMDEPBACKSLASH='\'
AMDEP_FALSE='#'
AMDEP_TRUE=''
AMTAR='$${TAR-tar}'
AM_BACKSLASH='\'
AM_DEFAULT_V='$(AM_DEFAULT_VERBOSITY)'
AM_DEFAULT_VERBOSITY='0'
AM_V='$(V)'
AR='ar'
AS='as'
ASCIIDOC='/usr/bin/asciidoc'
AUTOCONF='${SHELL} /home/azureuser/calvin/ext/zeromq/config/missing autoconf'
AUTOHEADER='${SHELL} /home/azureuser/calvin/ext/zeromq/config/missing autoheader'
AUTOMAKE='${SHELL} /home/azureuser/calvin/ext/zeromq/config/missing automake-1.15'
AWK='gawk'
BUILD_DOC_FALSE='#'
BUILD_DOC_TRUE=''
BUILD_PGM_FALSE=''
BUILD_PGM_TRUE='#'
CC='gcc'
CCDEPMODE='depmode=gcc3'
CFLAGS='-g -O2'
CPP='gcc -E'
CPPFLAGS='-pedantic -Werror -Wall -D_GNU_SOURCE -D_REENTRANT -D_THREAD_SAFE '
CXX='g++'
CXXCPP='g++ -E'
CXXDEPMODE='depmode=gcc3'
CXXFLAGS='-g -O2'
CYGPATH_W='echo'
DEFS='-DHAVE_CONFIG_H'
DEPDIR='.deps'
DLLTOOL='dlltool'
DSYMUTIL=''
DUMPBIN=''
ECHO_C=''
ECHO_N='-n'
ECHO_T=''
EGREP='/bin/grep -E'
EXEEXT=''
FGREP='/bin/grep -F'
GREP='/bin/grep'
INSTALL_DATA='${INSTALL} -m 644'
INSTALL_MAN_FALSE='#'
INSTALL_MAN_TRUE=''
INSTALL_PROGRAM='${INSTALL}'
INSTALL_SCRIPT='${INSTALL}'
INSTALL_STRIP_PROGRAM='$(install_sh) -c -s'
LD='/usr/bin/ld -m elf_x86_64'
LDFLAGS=''
LIBOBJS=''
LIBS='-luuid -lrt -lpthread '
LIBTOOL='$(SHELL) $(top_builddir)/libtool'
LIBZMQ_EXTRA_CFLAGS=''
LIBZMQ_EXTRA_CXXFLAGS='-fvisibility=hidden '
LIBZMQ_EXTRA_LDFLAGS=''
LIPO=''
LN_S='ln -s'
LTLIBOBJS=''
LTVER='1:0:0'
LT_SYS_LIBRARY_PATH=''
MAKEINFO='${SHELL} /home/azureuser/calvin/ext/zeromq/config/missing makeinfo'
MANIFEST_TOOL=':'
MKDIR_P='/bin/mkdir -p'
NM='/usr/bin/nm -B'
NMEDIT=''
OBJDUMP='objdump'
OBJEXT='o'
ON_MINGW_FALSE=''
ON_MINGW_TRUE='#'
OTOOL64=''
OTOOL=''
OpenPGM_CFLAGS=''
OpenPGM_LIBS=''
PACKAGE='zeromq'
PACKAGE_BUGREPORT='zeromq-dev@lists.zeromq.org'
PACKAGE_NAME='zeromq'
PACKAGE_STRING='zeromq 2.1.11'
PACKAGE_TARNAME='zeromq'
PACKAGE_URL=''
PACKAGE_VERSION='2.1.11'
PATH_SEPARATOR=':'
PKG_CONFIG=''
PKG_CONFIG_LIBDIR=''
PKG_CONFIG_PATH=''
RANLIB='ranlib'
SED='/bin/sed'
SET_MAKE=''
SHELL='/bin/bash'
STRIP='strip'
VERSION='2.1.11'
XMLTO='/usr/bin/xmlto'
ac_ct_AR='ar'
ac_ct_CC='gcc'
ac_ct_CXX='g++'
ac_ct_DUMPBIN=''
am__EXEEXT_FALSE=''
am__EXEEXT_TRUE='#'
am__fastdepCC_FALSE='#'
am__fastdepCC_TRUE=''
am__fastdepCXX_FALSE='#'
am__fastdepCXX_TRUE=''
am__include='include'
am__isrc=' -I$(srcdir)'
am__leading_dot='.'
am__nodep='_no'
am__quote=''
am__tar='tar --format=ustar -chf - "$$tardir"'
am__untar='tar -xf -'
bindir='${exec_prefix}/bin'
build='x86_64-pc-linux-gnu'
build_alias=''
build_cpu='x86_64'
build_os='linux-gnu'
build_vendor='pc'
datadir='${datarootdir}'
datarootdir='${prefix}/share'
docdir='${datarootdir}/doc/${PACKAGE_TARNAME}'
dvidir='${docdir}'
exec_prefix='${prefix}'
host='x86_64-pc-linux-gnu'
host_alias=''
host_cpu='x86_64'
host_os='linux-gnu'
host_vendor='pc'
htmldir='${docdir}'
includedir='${prefix}/include'
infodir='${datarootdir}/info'
install_sh='${SHELL} /home/azureuser/calvin/ext/zeromq/config/install-sh'
libdir='${exec_prefix}/lib'
libexecdir='${exec_prefix}/libexec'
libzmq_have_asciidoc='yes'
libzmq_have_xmlto='yes'
localedir='${datarootdir}/locale'
localstatedir='${prefix}/var'
mandir='${datarootdir}/man'
mkdir_p='$(MKDIR_P)'
oldincludedir='/usr/include'
pdfdir='${docdir}'
pgm_basename='libpgm-5.1.118~dfsg'
pgm_srcdir=''
pgm_subdir=''
prefix='/home/azureuser/calvin/ext/zeromq/build'
program_transform_name='s,x,x,'
psdir='${docdir}'
runstatedir='${localstatedir}/run'
sbindir='${exec_prefix}/sbin'
sharedstatedir='${prefix}/com'
subdirs=''
sysconfdir='${prefix}/etc'
target_alias=''

## ----------- ##
## confdefs.h. ##
## ----------- ##

/* confdefs.h */
#define PACKAGE_NAME "zeromq"
#define PACKAGE_TARNAME "zeromq"
#define PACKAGE_VERSION "2.1.11"
#define PACKAGE_STRING "zeromq 2.1.11"
#define PACKAGE_BUGREPORT "zeromq-dev@lists.zeromq.org"
#define PACKAGE_URL ""
#define PACKAGE "zeromq"
#define VERSION "2.1.11"
#define STDC_HEADERS 1
#define HAVE_SYS_TYPES_H 1
#define HAVE_SYS_STAT_H 1
#define HAVE_STDLIB_H 1
#define HAVE_STRING_H 1
#define HAVE_MEMORY_H 1
#define HAVE_STRINGS_H 1
#define HAVE_INTTYPES_H 1
#define HAVE_STDINT_H 1
#define HAVE_UNISTD_H 1
#define HAVE_DLFCN_H 1
#define LT_OBJDIR ".libs/"
#define HAVE_LIBPTHREAD 1
#define ZMQ_HAVE_LINUX 1
#define HAVE_LIBRT 1
#define HAVE_LIBUUID 1
#define STDC_HEADERS 1
#define HAVE_ERRNO_H 1
#define HAVE_ARPA_INET_H 1
#define HAVE_NETINET_TCP_H 1
#define HAVE_NETINET_IN_H 1
#define HAVE_STDDEF_H 1
#define HAVE_STDLIB_H 1
#define HAVE_STRING_H 1
#define HAVE_SYS_SOCKET_H 1
#define HAVE_SYS_TIME_H 1
#define HAVE_TIME_H 1
#define HAVE_UNISTD_H 1
#define HAVE_LIMITS_H 1
#define HAVE_IFADDRS_H 1
#define ZMQ_HAVE_IFADDRS 1
#define TIME_WITH_SYS_TIME 1
#define RETSIGTYPE void
#define HAVE_PERROR 1
#define HAVE_GETTIMEOFDAY 1
#define HAVE_CLOCK_GETTIME 1
#define HAVE_SOCKET 1
#define HAVE_GETIFADDRS 1
#define HAVE_FREEIFADDRS 1
#define HAVE_ALLOCA_H 1
#define HAVE_SOCK_CLOEXEC 1

configure: exit 0
